#
# There is insufficient memory for the Java Runtime Environment to continue.
# Native memory allocation (malloc) failed to allocate 18203352 bytes. Error detail: Chunk::new
# Possible reasons:
#   The system is out of physical RAM or swap space
#   This process is running with CompressedOops enabled, and the Java Heap may be blocking the growth of the native heap
# Possible solutions:
#   Reduce memory load on the system
#   Increase physical memory or swap space
#   Check if swap backing store is full
#   Decrease Java heap size (-Xmx/-Xms)
#   Decrease number of Java threads
#   Decrease Java thread stack sizes (-Xss)
#   Set larger code cache with -XX:ReservedCodeCacheSize=
#   JVM is running with Unscaled Compressed Oops mode in which the Java heap is
#     placed in the first 4GB address space. The Java Heap base address is the
#     maximum limit for the native heap growth. Please use -XX:HeapBaseMinAddress
#     to set the Java Heap base and to place the Java Heap above 4GB virtual address.
# This output file may be truncated or incomplete.
#
#  Out of Memory Error (arena.cpp:186), pid=28060, tid=27080
#
# JRE version: OpenJDK Runtime Environment Microsoft-12574223 (25.0.1+8) (build 25.0.1+8-LTS)
# Java VM: OpenJDK 64-Bit Server VM Microsoft-12574223 (25.0.1+8-LTS, mixed mode, sharing, tiered, compressed oops, compressed class ptrs, g1 gc, windows-amd64)
# No core dump will be written. Minidumps are not enabled by default on client versions of Windows
#

---------------  S U M M A R Y ------------

Command Line: --add-opens=java.base/java.util=ALL-UNNAMED --add-opens=java.base/java.lang=ALL-UNNAMED --add-opens=java.base/java.lang.invoke=ALL-UNNAMED --add-opens=java.prefs/java.util.prefs=ALL-UNNAMED --add-exports=jdk.compiler/com.sun.tools.javac.api=ALL-UNNAMED --add-exports=jdk.compiler/com.sun.tools.javac.util=ALL-UNNAMED --add-opens=java.base/java.nio.charset=ALL-UNNAMED --add-opens=java.base/java.net=ALL-UNNAMED --add-opens=java.base/java.util.concurrent.atomic=ALL-UNNAMED -XX:MaxMetaspaceSize=384m -XX:+HeapDumpOnOutOfMemoryError -Xms256m -Xmx512m -Dfile.encoding=utf8 -Duser.country=CA -Duser.language=fr -Duser.variant -javaagent:C:\Users\fadye\.gradle\wrapper\dists\gradle-8.9-bin\90cnw93cvbtalezasaz0blq0a\gradle-8.9\lib\agents\gradle-instrumentation-agent-8.9.jar org.gradle.launcher.daemon.bootstrap.GradleDaemon 8.9

Host: 12th Gen Intel(R) Core(TM) i7-12700H, 20 cores, 15G,  Windows 11 , 64 bit Build 26100 (10.0.26100.7920)
Time: Wed Apr  8 12:45:00 2026 elapsed time: 1.803590 seconds (0d 0h 0m 1s)

---------------  T H R E A D  ---------------

Current thread (0x000002409a996890):  JavaThread "C2 CompilerThread3" daemon [_thread_in_native, id=27080, stack(0x000000ae59800000,0x000000ae59900000) (1024K)]


Current CompileTask:
C2:1803 3192       4       java.lang.invoke.MethodType::makeImpl (109 bytes)

Stack: [0x000000ae59800000,0x000000ae59900000]
Native frames: (J=compiled Java code, j=interpreted, Vv=VM code, C=native code)
V  [jvm.dll+0x7af9c9]  (no source info available)
V  [jvm.dll+0x77d05d]  (no source info available)
V  [jvm.dll+0x9fe793]  (no source info available)
V  [jvm.dll+0xa00d6c]  (no source info available)
V  [jvm.dll+0xa01453]  (no source info available)
V  [jvm.dll+0x304786]  (no source info available)
V  [jvm.dll+0x114486]  (no source info available)
V  [jvm.dll+0x1147b6]  (no source info available)
V  [jvm.dll+0x1a7c14]  (no source info available)
V  [jvm.dll+0x3bd8f2]  (no source info available)
V  [jvm.dll+0x7b8568]  (no source info available)
V  [jvm.dll+0x2c7c97]  (no source info available)
V  [jvm.dll+0x2c6c0b]  (no source info available)
V  [jvm.dll+0x23f0b0]  (no source info available)
V  [jvm.dll+0x2d6ad2]  (no source info available)
V  [jvm.dll+0x2d4d45]  (no source info available)
V  [jvm.dll+0x4988f5]  (no source info available)
V  [jvm.dll+0x99eced]  (no source info available)
V  [jvm.dll+0x7b1405]  (no source info available)
C  [ucrtbase.dll+0x37b0]  (no source info available)
C  [KERNEL32.DLL+0x2e8d7]  (no source info available)
C  [ntdll.dll+0x8c48c]  (no source info available)

Lock stack of current Java thread (top to bottom):


---------------  P R O C E S S  ---------------

Threads class SMR info:
_java_thread_list=0x00000240a0cca6c0, length=27, elements={
0x00000240fe524a20, 0x000002409a767040, 0x000002409a767950, 0x000002409a76a0a0,
0x000002409a76bc70, 0x000002409a76d3a0, 0x000002409a76ead0, 0x000002409a77bd20,
0x000002409a780e90, 0x000002409a8f13c0, 0x000002409a97bd60, 0x000002409aa1aa00,
0x000002409a996080, 0x000002409a996890, 0x00000240a0d74e40, 0x00000240a0c741c0,
0x00000240a0c25040, 0x00000240a0c0c180, 0x00000240a0d00a40, 0x00000240a0d3fa60,
0x00000240a0221600, 0x00000240a02244e0, 0x00000240a0223540, 0x00000240a02225a0,
0x00000240a1134580, 0x00000240a1134d50, 0x00000240a11335e0
}

Java Threads: ( => current thread )
  0x00000240fe524a20 JavaThread "main"                              [_thread_blocked, id=26932, stack(0x000000ae58200000,0x000000ae58300000) (1024K)]
  0x000002409a767040 JavaThread "Reference Handler"          daemon [_thread_blocked, id=4556, stack(0x000000ae58a00000,0x000000ae58b00000) (1024K)]
  0x000002409a767950 JavaThread "Finalizer"                  daemon [_thread_blocked, id=13900, stack(0x000000ae58b00000,0x000000ae58c00000) (1024K)]
  0x000002409a76a0a0 JavaThread "Signal Dispatcher"          daemon [_thread_blocked, id=25692, stack(0x000000ae58c00000,0x000000ae58d00000) (1024K)]
  0x000002409a76bc70 JavaThread "Attach Listener"            daemon [_thread_blocked, id=28720, stack(0x000000ae58d00000,0x000000ae58e00000) (1024K)]
  0x000002409a76d3a0 JavaThread "Service Thread"             daemon [_thread_blocked, id=2140, stack(0x000000ae58e00000,0x000000ae58f00000) (1024K)]
  0x000002409a76ead0 JavaThread "Monitor Deflation Thread"   daemon [_thread_blocked, id=27912, stack(0x000000ae58f00000,0x000000ae59000000) (1024K)]
  0x000002409a77bd20 JavaThread "C2 CompilerThread0"         daemon [_thread_blocked, id=22776, stack(0x000000ae59000000,0x000000ae59100000) (1024K)]
  0x000002409a780e90 JavaThread "C1 CompilerThread0"         daemon [_thread_blocked, id=5372, stack(0x000000ae59100000,0x000000ae59200000) (1024K)]
  0x000002409a8f13c0 JavaThread "C2 CompilerThread1"         daemon [_thread_in_native, id=11652, stack(0x000000ae59400000,0x000000ae59500000) (1024K)]
  0x000002409a97bd60 JavaThread "Common-Cleaner"             daemon [_thread_blocked, id=28928, stack(0x000000ae59500000,0x000000ae59600000) (1024K)]
  0x000002409aa1aa00 JavaThread "Notification Thread"        daemon [_thread_blocked, id=5700, stack(0x000000ae59600000,0x000000ae59700000) (1024K)]
  0x000002409a996080 JavaThread "C2 CompilerThread2"         daemon [_thread_blocked, id=28144, stack(0x000000ae59700000,0x000000ae59800000) (1024K)]
=>0x000002409a996890 JavaThread "C2 CompilerThread3"         daemon [_thread_in_native, id=27080, stack(0x000000ae59800000,0x000000ae59900000) (1024K)]
  0x00000240a0d74e40 JavaThread "Daemon health stats"               [_thread_blocked, id=29556, stack(0x000000ae59f00000,0x000000ae5a000000) (1024K)]
  0x00000240a0c741c0 JavaThread "Incoming local TCP Connector on port 49180"        [_thread_in_native, id=14460, stack(0x000000ae5a000000,0x000000ae5a100000) (1024K)]
  0x00000240a0c25040 JavaThread "Daemon periodic checks"            [_thread_blocked, id=24308, stack(0x000000ae5a100000,0x000000ae5a200000) (1024K)]
  0x00000240a0c0c180 JavaThread "Daemon"                            [_thread_blocked, id=25016, stack(0x000000ae5a200000,0x000000ae5a300000) (1024K)]
  0x00000240a0d00a40 JavaThread "Handler for socket connection from /127.0.0.1:49180 to /127.0.0.1:49181"        [_thread_in_native, id=25884, stack(0x000000ae5a300000,0x000000ae5a400000) (1024K)]
  0x00000240a0d3fa60 JavaThread "Cancel handler"                    [_thread_blocked, id=24396, stack(0x000000ae5a400000,0x000000ae5a500000) (1024K)]
  0x00000240a0221600 JavaThread "Daemon worker"                     [_thread_in_vm, id=20536, stack(0x000000ae5a500000,0x000000ae5a600000) (1024K)]
  0x00000240a02244e0 JavaThread "Asynchronous log dispatcher for DefaultDaemonConnection: socket connection from /127.0.0.1:49180 to /127.0.0.1:49181"        [_thread_blocked, id=27724, stack(0x000000ae5a600000,0x000000ae5a700000) (1024K)]
  0x00000240a0223540 JavaThread "Stdin handler"                     [_thread_blocked, id=9084, stack(0x000000ae5a700000,0x000000ae5a800000) (1024K)]
  0x00000240a02225a0 JavaThread "Daemon client event forwarder"        [_thread_blocked, id=28948, stack(0x000000ae5a800000,0x000000ae5a900000) (1024K)]
  0x00000240a1134580 JavaThread "Cache worker for journal cache (C:\Users\fadye\.gradle\caches\journal-1)"        [_thread_blocked, id=25544, stack(0x000000ae5a900000,0x000000ae5aa00000) (1024K)]
  0x00000240a1134d50 JavaThread "File lock request listener"        [_thread_in_native, id=18012, stack(0x000000ae5aa00000,0x000000ae5ab00000) (1024K)]
  0x00000240a11335e0 JavaThread "Cache worker for file hash cache (C:\Users\fadye\.gradle\caches\8.9\fileHashes)"        [_thread_blocked, id=21180, stack(0x000000ae5ab00000,0x000000ae5ac00000) (1024K)]
Total: 27

Other Threads:
  0x000002409a752f50 VMThread "VM Thread"                           [id=28792, stack(0x000000ae58900000,0x000000ae58a00000) (1024K)]
  0x000002409a61f560 WatcherThread "VM Periodic Task Thread"        [id=29584, stack(0x000000ae58800000,0x000000ae58900000) (1024K)]
  0x00000240fe553430 WorkerThread "GC Thread#0"                     [id=9748, stack(0x000000ae58300000,0x000000ae58400000) (1024K)]
  0x000002409fd3ccf0 WorkerThread "GC Thread#1"                     [id=18948, stack(0x000000ae59a00000,0x000000ae59b00000) (1024K)]
  0x00000240a02077d0 WorkerThread "GC Thread#2"                     [id=16648, stack(0x000000ae59b00000,0x000000ae59c00000) (1024K)]
  0x00000240a0207c00 WorkerThread "GC Thread#3"                     [id=3608, stack(0x000000ae59c00000,0x000000ae59d00000) (1024K)]
  0x00000240a0208840 WorkerThread "GC Thread#4"                     [id=15540, stack(0x000000ae59d00000,0x000000ae59e00000) (1024K)]
  0x00000240a0208c70 WorkerThread "GC Thread#5"                     [id=25916, stack(0x000000ae59e00000,0x000000ae59f00000) (1024K)]
  0x00000240a10a70e0 WorkerThread "GC Thread#6"                     [id=2912, stack(0x000000ae5ac00000,0x000000ae5ad00000) (1024K)]
  0x00000240a10a5fa0 WorkerThread "GC Thread#7"                     [id=26868, stack(0x000000ae5ad00000,0x000000ae5ae00000) (1024K)]
  0x00000240a10a5700 WorkerThread "GC Thread#8"                     [id=13000, stack(0x000000ae5ae00000,0x000000ae5af00000) (1024K)]
  0x00000240a10a4a10 WorkerThread "GC Thread#9"                     [id=26408, stack(0x000000ae5af00000,0x000000ae5b000000) (1024K)]
  0x00000240a10a6840 WorkerThread "GC Thread#10"                    [id=28692, stack(0x000000ae5b000000,0x000000ae5b100000) (1024K)]
  0x00000240a10a52b0 WorkerThread "GC Thread#11"                    [id=10856, stack(0x000000ae5b100000,0x000000ae5b200000) (1024K)]
  0x00000240a10a7530 WorkerThread "GC Thread#12"                    [id=20524, stack(0x000000ae5b200000,0x000000ae5b300000) (1024K)]
  0x00000240a10a5b50 WorkerThread "GC Thread#13"                    [id=21696, stack(0x000000ae5b300000,0x000000ae5b400000) (1024K)]
  0x00000240a10a6c90 WorkerThread "GC Thread#14"                    [id=28688, stack(0x000000ae5b400000,0x000000ae5b500000) (1024K)]
  0x00000240fe55a500 ConcurrentGCThread "G1 Main Marker"            [id=3304, stack(0x000000ae58400000,0x000000ae58500000) (1024K)]
  0x00000240fe55cf00 WorkerThread "G1 Conc#0"                       [id=18588, stack(0x000000ae58500000,0x000000ae58600000) (1024K)]
  0x000002409a613110 ConcurrentGCThread "G1 Refine#0"               [id=24112, stack(0x000000ae58600000,0x000000ae58700000) (1024K)]
  0x000002409a613b20 ConcurrentGCThread "G1 Service"                [id=28440, stack(0x000000ae58700000,0x000000ae58800000) (1024K)]
Total: 21

Threads with active compile tasks:
C1 CompilerThread0  3853 3400       3       java.lang.invoke.LambdaFormBuffer::resultIndex (41 bytes)
C2 CompilerThread1  3853 3286   !   4       java.net.URLClassLoader::findClass (77 bytes)
C2 CompilerThread3  3853 3192       4       java.lang.invoke.MethodType::makeImpl (109 bytes)
Total: 3

VM state: not at safepoint (normal execution)

VM Mutex/Monitor currently owned by a thread:  ([mutex/lock_event])
[0x00007ffaf944df78] MethodCompileQueue_lock - owner thread: 0x0000000000000000

Heap address: 0x00000000e0000000, size: 512 MB, Compressed Oops mode: 32-bit

CDS archive(s) mapped at: [0x000000009c000000-0x000000009cdd0000-0x000000009cdd0000), size 14483456, SharedBaseAddress: 0x000000009c000000, ArchiveRelocationMode: 1.
Compressed class space mapped at: 0x000000009d000000-0x00000000b1000000, reserved size: 335544320
UseCompressedClassPointers 1, UseCompactObjectHeaders 0
Narrow klass pointer bits 32, Max shift 3
Narrow klass base: 0x000000009c000000, Narrow klass shift: 0
Encoding Range: [0x000000009c000000 - 0x000000019c000000), (4294967296 bytes)
Klass Range:    [0x000000009c010000 - 0x00000000b1000000), (352256000 bytes)
Klass ID Range:  [65536 - 352321529) (352255993)
Protection zone: [0x000000009c000000 - 0x000000009c010000), (65536 bytes)

GC Precious Log:
 CardTable entry size: 512
 Card Set container configuration: InlinePtr #cards 5 size 8 Array Of Cards #cards 10 size 36 Howl #buckets 4 coarsen threshold 1843 Howl Bitmap #cards 512 size 80 coarsen threshold 460 Card regions per heap region 1 cards per card region 2048
 CPUs: 20 total, 20 available
 Memory: 16109M
 Large Page Support: Disabled
 NUMA Support: Disabled
 Compressed Oops: Enabled (32-bit)
 Heap Region Size: 1M
 Heap Min Capacity: 256M
 Heap Initial Capacity: 256M
 Heap Max Capacity: 512M
 Pre-touch: Disabled
 Parallel Workers: 15
 Concurrent Workers: 4
 Concurrent Refinement Workers: 15
 Periodic GC: Disabled
 G1 Time-Based Heap Sizing enabled (uncommit-only)
 Evaluation Interval: 60s, Uncommit Delay: 300s, Min Regions To Uncommit: 10

Heap:
 garbage-first heap   total reserved 524288K, committed 264192K, used 33766K [0x00000000e0000000, 0x0000000100000000)
  region size 1024K, 26 young (26624K), 14 survivors (14336K)

Heap Regions: E=young(eden), S=young(survivor), O=old, HS=humongous(starts), HC=humongous(continues), CS=collection set, F=free, TAMS=top-at-mark-start, PB=parsable bottom
|   0|0x00000000e0000000, 0x00000000e0100000, 0x00000000e0100000|100%|HS|  |TAMS 0x00000000e0000000| PB 0x00000000e0000000| Complete |  0
|   1|0x00000000e0100000, 0x00000000e0200000, 0x00000000e0200000|100%|HC|  |TAMS 0x00000000e0100000| PB 0x00000000e0100000| Complete |  0
|   2|0x00000000e0200000, 0x00000000e0300000, 0x00000000e0300000|100%|HC|  |TAMS 0x00000000e0200000| PB 0x00000000e0200000| Complete |  0
|   3|0x00000000e0300000, 0x00000000e0400000, 0x00000000e0400000|100%|HC|  |TAMS 0x00000000e0300000| PB 0x00000000e0300000| Complete |  0
|   4|0x00000000e0400000, 0x00000000e0500000, 0x00000000e0500000|100%| O|  |TAMS 0x00000000e0400000| PB 0x00000000e0400000| Untracked |  0
|   5|0x00000000e0500000, 0x00000000e05d4ba0, 0x00000000e0600000| 83%| O|  |TAMS 0x00000000e0500000| PB 0x00000000e0500000| Untracked |  0
|   6|0x00000000e0600000, 0x00000000e0700000, 0x00000000e0700000|100%|HS|  |TAMS 0x00000000e0600000| PB 0x00000000e0600000| Complete |  0
|   7|0x00000000e0700000, 0x00000000e0700000, 0x00000000e0800000|  0%| F|  |TAMS 0x00000000e0700000| PB 0x00000000e0700000| Untracked |  0
|   8|0x00000000e0800000, 0x00000000e0800000, 0x00000000e0900000|  0%| F|  |TAMS 0x00000000e0800000| PB 0x00000000e0800000| Untracked |  0
|   9|0x00000000e0900000, 0x00000000e0900000, 0x00000000e0a00000|  0%| F|  |TAMS 0x00000000e0900000| PB 0x00000000e0900000| Untracked |  0
|  10|0x00000000e0a00000, 0x00000000e0a00000, 0x00000000e0b00000|  0%| F|  |TAMS 0x00000000e0a00000| PB 0x00000000e0a00000| Untracked |  0
|  11|0x00000000e0b00000, 0x00000000e0b00000, 0x00000000e0c00000|  0%| F|  |TAMS 0x00000000e0b00000| PB 0x00000000e0b00000| Untracked |  0
|  12|0x00000000e0c00000, 0x00000000e0c00000, 0x00000000e0d00000|  0%| F|  |TAMS 0x00000000e0c00000| PB 0x00000000e0c00000| Untracked |  0
|  13|0x00000000e0d00000, 0x00000000e0d00000, 0x00000000e0e00000|  0%| F|  |TAMS 0x00000000e0d00000| PB 0x00000000e0d00000| Untracked |  0
|  14|0x00000000e0e00000, 0x00000000e0e00000, 0x00000000e0f00000|  0%| F|  |TAMS 0x00000000e0e00000| PB 0x00000000e0e00000| Untracked |  0
|  15|0x00000000e0f00000, 0x00000000e0f00000, 0x00000000e1000000|  0%| F|  |TAMS 0x00000000e0f00000| PB 0x00000000e0f00000| Untracked |  0
|  16|0x00000000e1000000, 0x00000000e1000000, 0x00000000e1100000|  0%| F|  |TAMS 0x00000000e1000000| PB 0x00000000e1000000| Untracked |  0
|  17|0x00000000e1100000, 0x00000000e1100000, 0x00000000e1200000|  0%| F|  |TAMS 0x00000000e1100000| PB 0x00000000e1100000| Untracked |  0
|  18|0x00000000e1200000, 0x00000000e1200000, 0x00000000e1300000|  0%| F|  |TAMS 0x00000000e1200000| PB 0x00000000e1200000| Untracked |  0
|  19|0x00000000e1300000, 0x00000000e1300000, 0x00000000e1400000|  0%| F|  |TAMS 0x00000000e1300000| PB 0x00000000e1300000| Untracked |  0
|  20|0x00000000e1400000, 0x00000000e1400000, 0x00000000e1500000|  0%| F|  |TAMS 0x00000000e1400000| PB 0x00000000e1400000| Untracked |  0
|  21|0x00000000e1500000, 0x00000000e1500000, 0x00000000e1600000|  0%| F|  |TAMS 0x00000000e1500000| PB 0x00000000e1500000| Untracked |  0
|  22|0x00000000e1600000, 0x00000000e1600000, 0x00000000e1700000|  0%| F|  |TAMS 0x00000000e1600000| PB 0x00000000e1600000| Untracked |  0
|  23|0x00000000e1700000, 0x00000000e1700000, 0x00000000e1800000|  0%| F|  |TAMS 0x00000000e1700000| PB 0x00000000e1700000| Untracked |  0
|  24|0x00000000e1800000, 0x00000000e1800000, 0x00000000e1900000|  0%| F|  |TAMS 0x00000000e1800000| PB 0x00000000e1800000| Untracked |  0
|  25|0x00000000e1900000, 0x00000000e1900000, 0x00000000e1a00000|  0%| F|  |TAMS 0x00000000e1900000| PB 0x00000000e1900000| Untracked |  0
|  26|0x00000000e1a00000, 0x00000000e1a00000, 0x00000000e1b00000|  0%| F|  |TAMS 0x00000000e1a00000| PB 0x00000000e1a00000| Untracked |  0
|  27|0x00000000e1b00000, 0x00000000e1b00000, 0x00000000e1c00000|  0%| F|  |TAMS 0x00000000e1b00000| PB 0x00000000e1b00000| Untracked |  0
|  28|0x00000000e1c00000, 0x00000000e1c00000, 0x00000000e1d00000|  0%| F|  |TAMS 0x00000000e1c00000| PB 0x00000000e1c00000| Untracked |  0
|  29|0x00000000e1d00000, 0x00000000e1d00000, 0x00000000e1e00000|  0%| F|  |TAMS 0x00000000e1d00000| PB 0x00000000e1d00000| Untracked |  0
|  30|0x00000000e1e00000, 0x00000000e1e00000, 0x00000000e1f00000|  0%| F|  |TAMS 0x00000000e1e00000| PB 0x00000000e1e00000| Untracked |  0
|  31|0x00000000e1f00000, 0x00000000e1f00000, 0x00000000e2000000|  0%| F|  |TAMS 0x00000000e1f00000| PB 0x00000000e1f00000| Untracked |  0
|  32|0x00000000e2000000, 0x00000000e2000000, 0x00000000e2100000|  0%| F|  |TAMS 0x00000000e2000000| PB 0x00000000e2000000| Untracked |  0
|  33|0x00000000e2100000, 0x00000000e2100000, 0x00000000e2200000|  0%| F|  |TAMS 0x00000000e2100000| PB 0x00000000e2100000| Untracked |  0
|  34|0x00000000e2200000, 0x00000000e2200000, 0x00000000e2300000|  0%| F|  |TAMS 0x00000000e2200000| PB 0x00000000e2200000| Untracked |  0
|  35|0x00000000e2300000, 0x00000000e2300000, 0x00000000e2400000|  0%| F|  |TAMS 0x00000000e2300000| PB 0x00000000e2300000| Untracked |  0
|  36|0x00000000e2400000, 0x00000000e2400000, 0x00000000e2500000|  0%| F|  |TAMS 0x00000000e2400000| PB 0x00000000e2400000| Untracked |  0
|  37|0x00000000e2500000, 0x00000000e2500000, 0x00000000e2600000|  0%| F|  |TAMS 0x00000000e2500000| PB 0x00000000e2500000| Untracked |  0
|  38|0x00000000e2600000, 0x00000000e2600000, 0x00000000e2700000|  0%| F|  |TAMS 0x00000000e2600000| PB 0x00000000e2600000| Untracked |  0
|  39|0x00000000e2700000, 0x00000000e2700000, 0x00000000e2800000|  0%| F|  |TAMS 0x00000000e2700000| PB 0x00000000e2700000| Untracked |  0
|  40|0x00000000e2800000, 0x00000000e2800000, 0x00000000e2900000|  0%| F|  |TAMS 0x00000000e2800000| PB 0x00000000e2800000| Untracked |  0
|  41|0x00000000e2900000, 0x00000000e2900000, 0x00000000e2a00000|  0%| F|  |TAMS 0x00000000e2900000| PB 0x00000000e2900000| Untracked |  0
|  42|0x00000000e2a00000, 0x00000000e2a00000, 0x00000000e2b00000|  0%| F|  |TAMS 0x00000000e2a00000| PB 0x00000000e2a00000| Untracked |  0
|  43|0x00000000e2b00000, 0x00000000e2b00000, 0x00000000e2c00000|  0%| F|  |TAMS 0x00000000e2b00000| PB 0x00000000e2b00000| Untracked |  0
|  44|0x00000000e2c00000, 0x00000000e2c00000, 0x00000000e2d00000|  0%| F|  |TAMS 0x00000000e2c00000| PB 0x00000000e2c00000| Untracked |  0
|  45|0x00000000e2d00000, 0x00000000e2d00000, 0x00000000e2e00000|  0%| F|  |TAMS 0x00000000e2d00000| PB 0x00000000e2d00000| Untracked |  0
|  46|0x00000000e2e00000, 0x00000000e2e00000, 0x00000000e2f00000|  0%| F|  |TAMS 0x00000000e2e00000| PB 0x00000000e2e00000| Untracked |  0
|  47|0x00000000e2f00000, 0x00000000e2f00000, 0x00000000e3000000|  0%| F|  |TAMS 0x00000000e2f00000| PB 0x00000000e2f00000| Untracked |  0
|  48|0x00000000e3000000, 0x00000000e3000000, 0x00000000e3100000|  0%| F|  |TAMS 0x00000000e3000000| PB 0x00000000e3000000| Untracked |  0
|  49|0x00000000e3100000, 0x00000000e3100000, 0x00000000e3200000|  0%| F|  |TAMS 0x00000000e3100000| PB 0x00000000e3100000| Untracked |  0
|  50|0x00000000e3200000, 0x00000000e3200000, 0x00000000e3300000|  0%| F|  |TAMS 0x00000000e3200000| PB 0x00000000e3200000| Untracked |  0
|  51|0x00000000e3300000, 0x00000000e3300000, 0x00000000e3400000|  0%| F|  |TAMS 0x00000000e3300000| PB 0x00000000e3300000| Untracked |  0
|  52|0x00000000e3400000, 0x00000000e3400000, 0x00000000e3500000|  0%| F|  |TAMS 0x00000000e3400000| PB 0x00000000e3400000| Untracked |  0
|  53|0x00000000e3500000, 0x00000000e3500000, 0x00000000e3600000|  0%| F|  |TAMS 0x00000000e3500000| PB 0x00000000e3500000| Untracked |  0
|  54|0x00000000e3600000, 0x00000000e3600000, 0x00000000e3700000|  0%| F|  |TAMS 0x00000000e3600000| PB 0x00000000e3600000| Untracked |  0
|  55|0x00000000e3700000, 0x00000000e3700000, 0x00000000e3800000|  0%| F|  |TAMS 0x00000000e3700000| PB 0x00000000e3700000| Untracked |  0
|  56|0x00000000e3800000, 0x00000000e3800000, 0x00000000e3900000|  0%| F|  |TAMS 0x00000000e3800000| PB 0x00000000e3800000| Untracked |  0
|  57|0x00000000e3900000, 0x00000000e3900000, 0x00000000e3a00000|  0%| F|  |TAMS 0x00000000e3900000| PB 0x00000000e3900000| Untracked |  0
|  58|0x00000000e3a00000, 0x00000000e3a00000, 0x00000000e3b00000|  0%| F|  |TAMS 0x00000000e3a00000| PB 0x00000000e3a00000| Untracked |  0
|  59|0x00000000e3b00000, 0x00000000e3b00000, 0x00000000e3c00000|  0%| F|  |TAMS 0x00000000e3b00000| PB 0x00000000e3b00000| Untracked |  0
|  60|0x00000000e3c00000, 0x00000000e3c00000, 0x00000000e3d00000|  0%| F|  |TAMS 0x00000000e3c00000| PB 0x00000000e3c00000| Untracked |  0
|  61|0x00000000e3d00000, 0x00000000e3d00000, 0x00000000e3e00000|  0%| F|  |TAMS 0x00000000e3d00000| PB 0x00000000e3d00000| Untracked |  0
|  62|0x00000000e3e00000, 0x00000000e3e00000, 0x00000000e3f00000|  0%| F|  |TAMS 0x00000000e3e00000| PB 0x00000000e3e00000| Untracked |  0
|  63|0x00000000e3f00000, 0x00000000e3f00000, 0x00000000e4000000|  0%| F|  |TAMS 0x00000000e3f00000| PB 0x00000000e3f00000| Untracked |  0
|  64|0x00000000e4000000, 0x00000000e4000000, 0x00000000e4100000|  0%| F|  |TAMS 0x00000000e4000000| PB 0x00000000e4000000| Untracked |  0
|  65|0x00000000e4100000, 0x00000000e4100000, 0x00000000e4200000|  0%| F|  |TAMS 0x00000000e4100000| PB 0x00000000e4100000| Untracked |  0
|  66|0x00000000e4200000, 0x00000000e4200000, 0x00000000e4300000|  0%| F|  |TAMS 0x00000000e4200000| PB 0x00000000e4200000| Untracked |  0
|  67|0x00000000e4300000, 0x00000000e4300000, 0x00000000e4400000|  0%| F|  |TAMS 0x00000000e4300000| PB 0x00000000e4300000| Untracked |  0
|  68|0x00000000e4400000, 0x00000000e4400000, 0x00000000e4500000|  0%| F|  |TAMS 0x00000000e4400000| PB 0x00000000e4400000| Untracked |  0
|  69|0x00000000e4500000, 0x00000000e4500000, 0x00000000e4600000|  0%| F|  |TAMS 0x00000000e4500000| PB 0x00000000e4500000| Untracked |  0
|  70|0x00000000e4600000, 0x00000000e4600000, 0x00000000e4700000|  0%| F|  |TAMS 0x00000000e4600000| PB 0x00000000e4600000| Untracked |  0
|  71|0x00000000e4700000, 0x00000000e4700000, 0x00000000e4800000|  0%| F|  |TAMS 0x00000000e4700000| PB 0x00000000e4700000| Untracked |  0
|  72|0x00000000e4800000, 0x00000000e4800000, 0x00000000e4900000|  0%| F|  |TAMS 0x00000000e4800000| PB 0x00000000e4800000| Untracked |  0
|  73|0x00000000e4900000, 0x00000000e4900000, 0x00000000e4a00000|  0%| F|  |TAMS 0x00000000e4900000| PB 0x00000000e4900000| Untracked |  0
|  74|0x00000000e4a00000, 0x00000000e4a00000, 0x00000000e4b00000|  0%| F|  |TAMS 0x00000000e4a00000| PB 0x00000000e4a00000| Untracked |  0
|  75|0x00000000e4b00000, 0x00000000e4b00000, 0x00000000e4c00000|  0%| F|  |TAMS 0x00000000e4b00000| PB 0x00000000e4b00000| Untracked |  0
|  76|0x00000000e4c00000, 0x00000000e4c00000, 0x00000000e4d00000|  0%| F|  |TAMS 0x00000000e4c00000| PB 0x00000000e4c00000| Untracked |  0
|  77|0x00000000e4d00000, 0x00000000e4d00000, 0x00000000e4e00000|  0%| F|  |TAMS 0x00000000e4d00000| PB 0x00000000e4d00000| Untracked |  0
|  78|0x00000000e4e00000, 0x00000000e4e00000, 0x00000000e4f00000|  0%| F|  |TAMS 0x00000000e4e00000| PB 0x00000000e4e00000| Untracked |  0
|  79|0x00000000e4f00000, 0x00000000e4f00000, 0x00000000e5000000|  0%| F|  |TAMS 0x00000000e4f00000| PB 0x00000000e4f00000| Untracked |  0
|  80|0x00000000e5000000, 0x00000000e5000000, 0x00000000e5100000|  0%| F|  |TAMS 0x00000000e5000000| PB 0x00000000e5000000| Untracked |  0
|  81|0x00000000e5100000, 0x00000000e5100000, 0x00000000e5200000|  0%| F|  |TAMS 0x00000000e5100000| PB 0x00000000e5100000| Untracked |  0
|  82|0x00000000e5200000, 0x00000000e5200000, 0x00000000e5300000|  0%| F|  |TAMS 0x00000000e5200000| PB 0x00000000e5200000| Untracked |  0
|  83|0x00000000e5300000, 0x00000000e5300000, 0x00000000e5400000|  0%| F|  |TAMS 0x00000000e5300000| PB 0x00000000e5300000| Untracked |  0
|  84|0x00000000e5400000, 0x00000000e5400000, 0x00000000e5500000|  0%| F|  |TAMS 0x00000000e5400000| PB 0x00000000e5400000| Untracked |  0
|  85|0x00000000e5500000, 0x00000000e5500000, 0x00000000e5600000|  0%| F|  |TAMS 0x00000000e5500000| PB 0x00000000e5500000| Untracked |  0
|  86|0x00000000e5600000, 0x00000000e5600000, 0x00000000e5700000|  0%| F|  |TAMS 0x00000000e5600000| PB 0x00000000e5600000| Untracked |  0
|  87|0x00000000e5700000, 0x00000000e5700000, 0x00000000e5800000|  0%| F|  |TAMS 0x00000000e5700000| PB 0x00000000e5700000| Untracked |  0
|  88|0x00000000e5800000, 0x00000000e5800000, 0x00000000e5900000|  0%| F|  |TAMS 0x00000000e5800000| PB 0x00000000e5800000| Untracked |  0
|  89|0x00000000e5900000, 0x00000000e5900000, 0x00000000e5a00000|  0%| F|  |TAMS 0x00000000e5900000| PB 0x00000000e5900000| Untracked |  0
|  90|0x00000000e5a00000, 0x00000000e5a00000, 0x00000000e5b00000|  0%| F|  |TAMS 0x00000000e5a00000| PB 0x00000000e5a00000| Untracked |  0
|  91|0x00000000e5b00000, 0x00000000e5b00000, 0x00000000e5c00000|  0%| F|  |TAMS 0x00000000e5b00000| PB 0x00000000e5b00000| Untracked |  0
|  92|0x00000000e5c00000, 0x00000000e5c00000, 0x00000000e5d00000|  0%| F|  |TAMS 0x00000000e5c00000| PB 0x00000000e5c00000| Untracked |  0
|  93|0x00000000e5d00000, 0x00000000e5d00000, 0x00000000e5e00000|  0%| F|  |TAMS 0x00000000e5d00000| PB 0x00000000e5d00000| Untracked |  0
|  94|0x00000000e5e00000, 0x00000000e5e00000, 0x00000000e5f00000|  0%| F|  |TAMS 0x00000000e5e00000| PB 0x00000000e5e00000| Untracked |  0
|  95|0x00000000e5f00000, 0x00000000e5f00000, 0x00000000e6000000|  0%| F|  |TAMS 0x00000000e5f00000| PB 0x00000000e5f00000| Untracked |  0
|  96|0x00000000e6000000, 0x00000000e6000000, 0x00000000e6100000|  0%| F|  |TAMS 0x00000000e6000000| PB 0x00000000e6000000| Untracked |  0
|  97|0x00000000e6100000, 0x00000000e6100000, 0x00000000e6200000|  0%| F|  |TAMS 0x00000000e6100000| PB 0x00000000e6100000| Untracked |  0
|  98|0x00000000e6200000, 0x00000000e6200000, 0x00000000e6300000|  0%| F|  |TAMS 0x00000000e6200000| PB 0x00000000e6200000| Untracked |  0
|  99|0x00000000e6300000, 0x00000000e6300000, 0x00000000e6400000|  0%| F|  |TAMS 0x00000000e6300000| PB 0x00000000e6300000| Untracked |  0
| 100|0x00000000e6400000, 0x00000000e6400000, 0x00000000e6500000|  0%| F|  |TAMS 0x00000000e6400000| PB 0x00000000e6400000| Untracked |  0
| 101|0x00000000e6500000, 0x00000000e6500000, 0x00000000e6600000|  0%| F|  |TAMS 0x00000000e6500000| PB 0x00000000e6500000| Untracked |  0
| 102|0x00000000e6600000, 0x00000000e6600000, 0x00000000e6700000|  0%| F|  |TAMS 0x00000000e6600000| PB 0x00000000e6600000| Untracked |  0
| 103|0x00000000e6700000, 0x00000000e6700000, 0x00000000e6800000|  0%| F|  |TAMS 0x00000000e6700000| PB 0x00000000e6700000| Untracked |  0
| 104|0x00000000e6800000, 0x00000000e6800000, 0x00000000e6900000|  0%| F|  |TAMS 0x00000000e6800000| PB 0x00000000e6800000| Untracked |  0
| 105|0x00000000e6900000, 0x00000000e6900000, 0x00000000e6a00000|  0%| F|  |TAMS 0x00000000e6900000| PB 0x00000000e6900000| Untracked |  0
| 106|0x00000000e6a00000, 0x00000000e6a00000, 0x00000000e6b00000|  0%| F|  |TAMS 0x00000000e6a00000| PB 0x00000000e6a00000| Untracked |  0
| 107|0x00000000e6b00000, 0x00000000e6b00000, 0x00000000e6c00000|  0%| F|  |TAMS 0x00000000e6b00000| PB 0x00000000e6b00000| Untracked |  0
| 108|0x00000000e6c00000, 0x00000000e6c00000, 0x00000000e6d00000|  0%| F|  |TAMS 0x00000000e6c00000| PB 0x00000000e6c00000| Untracked |  0
| 109|0x00000000e6d00000, 0x00000000e6d00000, 0x00000000e6e00000|  0%| F|  |TAMS 0x00000000e6d00000| PB 0x00000000e6d00000| Untracked |  0
| 110|0x00000000e6e00000, 0x00000000e6e00000, 0x00000000e6f00000|  0%| F|  |TAMS 0x00000000e6e00000| PB 0x00000000e6e00000| Untracked |  0
| 111|0x00000000e6f00000, 0x00000000e6f00000, 0x00000000e7000000|  0%| F|  |TAMS 0x00000000e6f00000| PB 0x00000000e6f00000| Untracked |  0
| 112|0x00000000e7000000, 0x00000000e7000000, 0x00000000e7100000|  0%| F|  |TAMS 0x00000000e7000000| PB 0x00000000e7000000| Untracked |  0
| 113|0x00000000e7100000, 0x00000000e7100000, 0x00000000e7200000|  0%| F|  |TAMS 0x00000000e7100000| PB 0x00000000e7100000| Untracked |  0
| 114|0x00000000e7200000, 0x00000000e7200000, 0x00000000e7300000|  0%| F|  |TAMS 0x00000000e7200000| PB 0x00000000e7200000| Untracked |  0
| 115|0x00000000e7300000, 0x00000000e7300000, 0x00000000e7400000|  0%| F|  |TAMS 0x00000000e7300000| PB 0x00000000e7300000| Untracked |  0
| 116|0x00000000e7400000, 0x00000000e7400000, 0x00000000e7500000|  0%| F|  |TAMS 0x00000000e7400000| PB 0x00000000e7400000| Untracked |  0
| 117|0x00000000e7500000, 0x00000000e7500000, 0x00000000e7600000|  0%| F|  |TAMS 0x00000000e7500000| PB 0x00000000e7500000| Untracked |  0
| 118|0x00000000e7600000, 0x00000000e7600000, 0x00000000e7700000|  0%| F|  |TAMS 0x00000000e7600000| PB 0x00000000e7600000| Untracked |  0
| 119|0x00000000e7700000, 0x00000000e7700000, 0x00000000e7800000|  0%| F|  |TAMS 0x00000000e7700000| PB 0x00000000e7700000| Untracked |  0
| 120|0x00000000e7800000, 0x00000000e7800000, 0x00000000e7900000|  0%| F|  |TAMS 0x00000000e7800000| PB 0x00000000e7800000| Untracked |  0
| 121|0x00000000e7900000, 0x00000000e7900000, 0x00000000e7a00000|  0%| F|  |TAMS 0x00000000e7900000| PB 0x00000000e7900000| Untracked |  0
| 122|0x00000000e7a00000, 0x00000000e7a00000, 0x00000000e7b00000|  0%| F|  |TAMS 0x00000000e7a00000| PB 0x00000000e7a00000| Untracked |  0
| 123|0x00000000e7b00000, 0x00000000e7b00000, 0x00000000e7c00000|  0%| F|  |TAMS 0x00000000e7b00000| PB 0x00000000e7b00000| Untracked |  0
| 124|0x00000000e7c00000, 0x00000000e7c00000, 0x00000000e7d00000|  0%| F|  |TAMS 0x00000000e7c00000| PB 0x00000000e7c00000| Untracked |  0
| 125|0x00000000e7d00000, 0x00000000e7d00000, 0x00000000e7e00000|  0%| F|  |TAMS 0x00000000e7d00000| PB 0x00000000e7d00000| Untracked |  0
| 126|0x00000000e7e00000, 0x00000000e7e00000, 0x00000000e7f00000|  0%| F|  |TAMS 0x00000000e7e00000| PB 0x00000000e7e00000| Untracked |  0
| 127|0x00000000e7f00000, 0x00000000e7f00000, 0x00000000e8000000|  0%| F|  |TAMS 0x00000000e7f00000| PB 0x00000000e7f00000| Untracked |  0
| 128|0x00000000e8000000, 0x00000000e8000000, 0x00000000e8100000|  0%| F|  |TAMS 0x00000000e8000000| PB 0x00000000e8000000| Untracked |  0
| 129|0x00000000e8100000, 0x00000000e8100000, 0x00000000e8200000|  0%| F|  |TAMS 0x00000000e8100000| PB 0x00000000e8100000| Untracked |  0
| 130|0x00000000e8200000, 0x00000000e8300000, 0x00000000e8300000|100%| S|CS|TAMS 0x00000000e8200000| PB 0x00000000e8200000| Complete |  0
| 131|0x00000000e8300000, 0x00000000e8400000, 0x00000000e8400000|100%| S|CS|TAMS 0x00000000e8300000| PB 0x00000000e8300000| Complete |  0
| 132|0x00000000e8400000, 0x00000000e8500000, 0x00000000e8500000|100%| S|CS|TAMS 0x00000000e8400000| PB 0x00000000e8400000| Complete |  0
| 133|0x00000000e8500000, 0x00000000e8600000, 0x00000000e8600000|100%| S|CS|TAMS 0x00000000e8500000| PB 0x00000000e8500000| Complete |  0
| 134|0x00000000e8600000, 0x00000000e8700000, 0x00000000e8700000|100%| S|CS|TAMS 0x00000000e8600000| PB 0x00000000e8600000| Complete |  0
| 135|0x00000000e8700000, 0x00000000e8800000, 0x00000000e8800000|100%| S|CS|TAMS 0x00000000e8700000| PB 0x00000000e8700000| Complete |  0
| 136|0x00000000e8800000, 0x00000000e8900000, 0x00000000e8900000|100%| S|CS|TAMS 0x00000000e8800000| PB 0x00000000e8800000| Complete |  0
| 137|0x00000000e8900000, 0x00000000e8a00000, 0x00000000e8a00000|100%| S|CS|TAMS 0x00000000e8900000| PB 0x00000000e8900000| Complete |  0
| 138|0x00000000e8a00000, 0x00000000e8b00000, 0x00000000e8b00000|100%| S|CS|TAMS 0x00000000e8a00000| PB 0x00000000e8a00000| Complete |  0
| 139|0x00000000e8b00000, 0x00000000e8c00000, 0x00000000e8c00000|100%| S|CS|TAMS 0x00000000e8b00000| PB 0x00000000e8b00000| Complete |  0
| 140|0x00000000e8c00000, 0x00000000e8d00000, 0x00000000e8d00000|100%| S|CS|TAMS 0x00000000e8c00000| PB 0x00000000e8c00000| Complete |  0
| 141|0x00000000e8d00000, 0x00000000e8e00000, 0x00000000e8e00000|100%| S|CS|TAMS 0x00000000e8d00000| PB 0x00000000e8d00000| Complete |  0
| 142|0x00000000e8e00000, 0x00000000e8f00000, 0x00000000e8f00000|100%| S|CS|TAMS 0x00000000e8e00000| PB 0x00000000e8e00000| Complete |  0
| 143|0x00000000e8f00000, 0x00000000e9000000, 0x00000000e9000000|100%| S|CS|TAMS 0x00000000e8f00000| PB 0x00000000e8f00000| Complete |  0
| 144|0x00000000e9000000, 0x00000000e9000000, 0x00000000e9100000|  0%| F|  |TAMS 0x00000000e9000000| PB 0x00000000e9000000| Untracked |  0
| 145|0x00000000e9100000, 0x00000000e9100000, 0x00000000e9200000|  0%| F|  |TAMS 0x00000000e9100000| PB 0x00000000e9100000| Untracked |  0
| 146|0x00000000e9200000, 0x00000000e9200000, 0x00000000e9300000|  0%| F|  |TAMS 0x00000000e9200000| PB 0x00000000e9200000| Untracked |  0
| 147|0x00000000e9300000, 0x00000000e9300000, 0x00000000e9400000|  0%| F|  |TAMS 0x00000000e9300000| PB 0x00000000e9300000| Untracked |  0
| 148|0x00000000e9400000, 0x00000000e9400000, 0x00000000e9500000|  0%| F|  |TAMS 0x00000000e9400000| PB 0x00000000e9400000| Untracked |  0
| 149|0x00000000e9500000, 0x00000000e9500000, 0x00000000e9600000|  0%| F|  |TAMS 0x00000000e9500000| PB 0x00000000e9500000| Untracked |  0
| 150|0x00000000e9600000, 0x00000000e9600000, 0x00000000e9700000|  0%| F|  |TAMS 0x00000000e9600000| PB 0x00000000e9600000| Untracked |  0
| 151|0x00000000e9700000, 0x00000000e9700000, 0x00000000e9800000|  0%| F|  |TAMS 0x00000000e9700000| PB 0x00000000e9700000| Untracked |  0
| 152|0x00000000e9800000, 0x00000000e9800000, 0x00000000e9900000|  0%| F|  |TAMS 0x00000000e9800000| PB 0x00000000e9800000| Untracked |  0
| 153|0x00000000e9900000, 0x00000000e9900000, 0x00000000e9a00000|  0%| F|  |TAMS 0x00000000e9900000| PB 0x00000000e9900000| Untracked |  0
| 154|0x00000000e9a00000, 0x00000000e9a00000, 0x00000000e9b00000|  0%| F|  |TAMS 0x00000000e9a00000| PB 0x00000000e9a00000| Untracked |  0
| 155|0x00000000e9b00000, 0x00000000e9b00000, 0x00000000e9c00000|  0%| F|  |TAMS 0x00000000e9b00000| PB 0x00000000e9b00000| Untracked |  0
| 156|0x00000000e9c00000, 0x00000000e9c00000, 0x00000000e9d00000|  0%| F|  |TAMS 0x00000000e9c00000| PB 0x00000000e9c00000| Untracked |  0
| 157|0x00000000e9d00000, 0x00000000e9d00000, 0x00000000e9e00000|  0%| F|  |TAMS 0x00000000e9d00000| PB 0x00000000e9d00000| Untracked |  0
| 158|0x00000000e9e00000, 0x00000000e9e00000, 0x00000000e9f00000|  0%| F|  |TAMS 0x00000000e9e00000| PB 0x00000000e9e00000| Untracked |  0
| 159|0x00000000e9f00000, 0x00000000e9f00000, 0x00000000ea000000|  0%| F|  |TAMS 0x00000000e9f00000| PB 0x00000000e9f00000| Untracked |  0
| 160|0x00000000ea000000, 0x00000000ea000000, 0x00000000ea100000|  0%| F|  |TAMS 0x00000000ea000000| PB 0x00000000ea000000| Untracked |  0
| 161|0x00000000ea100000, 0x00000000ea100000, 0x00000000ea200000|  0%| F|  |TAMS 0x00000000ea100000| PB 0x00000000ea100000| Untracked |  0
| 162|0x00000000ea200000, 0x00000000ea200000, 0x00000000ea300000|  0%| F|  |TAMS 0x00000000ea200000| PB 0x00000000ea200000| Untracked |  0
| 163|0x00000000ea300000, 0x00000000ea300000, 0x00000000ea400000|  0%| F|  |TAMS 0x00000000ea300000| PB 0x00000000ea300000| Untracked |  0
| 164|0x00000000ea400000, 0x00000000ea400000, 0x00000000ea500000|  0%| F|  |TAMS 0x00000000ea400000| PB 0x00000000ea400000| Untracked |  0
| 165|0x00000000ea500000, 0x00000000ea500000, 0x00000000ea600000|  0%| F|  |TAMS 0x00000000ea500000| PB 0x00000000ea500000| Untracked |  0
| 166|0x00000000ea600000, 0x00000000ea600000, 0x00000000ea700000|  0%| F|  |TAMS 0x00000000ea600000| PB 0x00000000ea600000| Untracked |  0
| 167|0x00000000ea700000, 0x00000000ea700000, 0x00000000ea800000|  0%| F|  |TAMS 0x00000000ea700000| PB 0x00000000ea700000| Untracked |  0
| 168|0x00000000ea800000, 0x00000000ea800000, 0x00000000ea900000|  0%| F|  |TAMS 0x00000000ea800000| PB 0x00000000ea800000| Untracked |  0
| 169|0x00000000ea900000, 0x00000000ea900000, 0x00000000eaa00000|  0%| F|  |TAMS 0x00000000ea900000| PB 0x00000000ea900000| Untracked |  0
| 170|0x00000000eaa00000, 0x00000000eaa00000, 0x00000000eab00000|  0%| F|  |TAMS 0x00000000eaa00000| PB 0x00000000eaa00000| Untracked |  0
| 171|0x00000000eab00000, 0x00000000eab00000, 0x00000000eac00000|  0%| F|  |TAMS 0x00000000eab00000| PB 0x00000000eab00000| Untracked |  0
| 172|0x00000000eac00000, 0x00000000eac00000, 0x00000000ead00000|  0%| F|  |TAMS 0x00000000eac00000| PB 0x00000000eac00000| Untracked |  0
| 173|0x00000000ead00000, 0x00000000ead00000, 0x00000000eae00000|  0%| F|  |TAMS 0x00000000ead00000| PB 0x00000000ead00000| Untracked |  0
| 174|0x00000000eae00000, 0x00000000eae00000, 0x00000000eaf00000|  0%| F|  |TAMS 0x00000000eae00000| PB 0x00000000eae00000| Untracked |  0
| 175|0x00000000eaf00000, 0x00000000eaf00000, 0x00000000eb000000|  0%| F|  |TAMS 0x00000000eaf00000| PB 0x00000000eaf00000| Untracked |  0
| 176|0x00000000eb000000, 0x00000000eb000000, 0x00000000eb100000|  0%| F|  |TAMS 0x00000000eb000000| PB 0x00000000eb000000| Untracked |  0
| 177|0x00000000eb100000, 0x00000000eb100000, 0x00000000eb200000|  0%| F|  |TAMS 0x00000000eb100000| PB 0x00000000eb100000| Untracked |  0
| 178|0x00000000eb200000, 0x00000000eb200000, 0x00000000eb300000|  0%| F|  |TAMS 0x00000000eb200000| PB 0x00000000eb200000| Untracked |  0
| 179|0x00000000eb300000, 0x00000000eb300000, 0x00000000eb400000|  0%| F|  |TAMS 0x00000000eb300000| PB 0x00000000eb300000| Untracked |  0
| 180|0x00000000eb400000, 0x00000000eb400000, 0x00000000eb500000|  0%| F|  |TAMS 0x00000000eb400000| PB 0x00000000eb400000| Untracked |  0
| 181|0x00000000eb500000, 0x00000000eb500000, 0x00000000eb600000|  0%| F|  |TAMS 0x00000000eb500000| PB 0x00000000eb500000| Untracked |  0
| 182|0x00000000eb600000, 0x00000000eb600000, 0x00000000eb700000|  0%| F|  |TAMS 0x00000000eb600000| PB 0x00000000eb600000| Untracked |  0
| 183|0x00000000eb700000, 0x00000000eb700000, 0x00000000eb800000|  0%| F|  |TAMS 0x00000000eb700000| PB 0x00000000eb700000| Untracked |  0
| 184|0x00000000eb800000, 0x00000000eb800000, 0x00000000eb900000|  0%| F|  |TAMS 0x00000000eb800000| PB 0x00000000eb800000| Untracked |  0
| 185|0x00000000eb900000, 0x00000000eb900000, 0x00000000eba00000|  0%| F|  |TAMS 0x00000000eb900000| PB 0x00000000eb900000| Untracked |  0
| 186|0x00000000eba00000, 0x00000000eba00000, 0x00000000ebb00000|  0%| F|  |TAMS 0x00000000eba00000| PB 0x00000000eba00000| Untracked |  0
| 187|0x00000000ebb00000, 0x00000000ebb00000, 0x00000000ebc00000|  0%| F|  |TAMS 0x00000000ebb00000| PB 0x00000000ebb00000| Untracked |  0
| 188|0x00000000ebc00000, 0x00000000ebc00000, 0x00000000ebd00000|  0%| F|  |TAMS 0x00000000ebc00000| PB 0x00000000ebc00000| Untracked |  0
| 189|0x00000000ebd00000, 0x00000000ebd00000, 0x00000000ebe00000|  0%| F|  |TAMS 0x00000000ebd00000| PB 0x00000000ebd00000| Untracked |  0
| 190|0x00000000ebe00000, 0x00000000ebe00000, 0x00000000ebf00000|  0%| F|  |TAMS 0x00000000ebe00000| PB 0x00000000ebe00000| Untracked |  0
| 191|0x00000000ebf00000, 0x00000000ebf00000, 0x00000000ec000000|  0%| F|  |TAMS 0x00000000ebf00000| PB 0x00000000ebf00000| Untracked |  0
| 192|0x00000000ec000000, 0x00000000ec000000, 0x00000000ec100000|  0%| F|  |TAMS 0x00000000ec000000| PB 0x00000000ec000000| Untracked |  0
| 193|0x00000000ec100000, 0x00000000ec100000, 0x00000000ec200000|  0%| F|  |TAMS 0x00000000ec100000| PB 0x00000000ec100000| Untracked |  0
| 194|0x00000000ec200000, 0x00000000ec200000, 0x00000000ec300000|  0%| F|  |TAMS 0x00000000ec200000| PB 0x00000000ec200000| Untracked |  0
| 195|0x00000000ec300000, 0x00000000ec300000, 0x00000000ec400000|  0%| F|  |TAMS 0x00000000ec300000| PB 0x00000000ec300000| Untracked |  0
| 196|0x00000000ec400000, 0x00000000ec400000, 0x00000000ec500000|  0%| F|  |TAMS 0x00000000ec400000| PB 0x00000000ec400000| Untracked |  0
| 197|0x00000000ec500000, 0x00000000ec500000, 0x00000000ec600000|  0%| F|  |TAMS 0x00000000ec500000| PB 0x00000000ec500000| Untracked |  0
| 198|0x00000000ec600000, 0x00000000ec600000, 0x00000000ec700000|  0%| F|  |TAMS 0x00000000ec600000| PB 0x00000000ec600000| Untracked |  0
| 199|0x00000000ec700000, 0x00000000ec700000, 0x00000000ec800000|  0%| F|  |TAMS 0x00000000ec700000| PB 0x00000000ec700000| Untracked |  0
| 200|0x00000000ec800000, 0x00000000ec800000, 0x00000000ec900000|  0%| F|  |TAMS 0x00000000ec800000| PB 0x00000000ec800000| Untracked |  0
| 201|0x00000000ec900000, 0x00000000ec900000, 0x00000000eca00000|  0%| F|  |TAMS 0x00000000ec900000| PB 0x00000000ec900000| Untracked |  0
| 202|0x00000000eca00000, 0x00000000eca00000, 0x00000000ecb00000|  0%| F|  |TAMS 0x00000000eca00000| PB 0x00000000eca00000| Untracked |  0
| 203|0x00000000ecb00000, 0x00000000ecb00000, 0x00000000ecc00000|  0%| F|  |TAMS 0x00000000ecb00000| PB 0x00000000ecb00000| Untracked |  0
| 204|0x00000000ecc00000, 0x00000000ecc00000, 0x00000000ecd00000|  0%| F|  |TAMS 0x00000000ecc00000| PB 0x00000000ecc00000| Untracked |  0
| 205|0x00000000ecd00000, 0x00000000ecd00000, 0x00000000ece00000|  0%| F|  |TAMS 0x00000000ecd00000| PB 0x00000000ecd00000| Untracked |  0
| 206|0x00000000ece00000, 0x00000000ece00000, 0x00000000ecf00000|  0%| F|  |TAMS 0x00000000ece00000| PB 0x00000000ece00000| Untracked |  0
| 207|0x00000000ecf00000, 0x00000000ecf00000, 0x00000000ed000000|  0%| F|  |TAMS 0x00000000ecf00000| PB 0x00000000ecf00000| Untracked |  0
| 208|0x00000000ed000000, 0x00000000ed000000, 0x00000000ed100000|  0%| F|  |TAMS 0x00000000ed000000| PB 0x00000000ed000000| Untracked |  0
| 209|0x00000000ed100000, 0x00000000ed100000, 0x00000000ed200000|  0%| F|  |TAMS 0x00000000ed100000| PB 0x00000000ed100000| Untracked |  0
| 210|0x00000000ed200000, 0x00000000ed200000, 0x00000000ed300000|  0%| F|  |TAMS 0x00000000ed200000| PB 0x00000000ed200000| Untracked |  0
| 211|0x00000000ed300000, 0x00000000ed300000, 0x00000000ed400000|  0%| F|  |TAMS 0x00000000ed300000| PB 0x00000000ed300000| Untracked |  0
| 212|0x00000000ed400000, 0x00000000ed400000, 0x00000000ed500000|  0%| F|  |TAMS 0x00000000ed400000| PB 0x00000000ed400000| Untracked |  0
| 213|0x00000000ed500000, 0x00000000ed500000, 0x00000000ed600000|  0%| F|  |TAMS 0x00000000ed500000| PB 0x00000000ed500000| Untracked |  0
| 214|0x00000000ed600000, 0x00000000ed600000, 0x00000000ed700000|  0%| F|  |TAMS 0x00000000ed600000| PB 0x00000000ed600000| Untracked |  0
| 215|0x00000000ed700000, 0x00000000ed700000, 0x00000000ed800000|  0%| F|  |TAMS 0x00000000ed700000| PB 0x00000000ed700000| Untracked |  0
| 216|0x00000000ed800000, 0x00000000ed800000, 0x00000000ed900000|  0%| F|  |TAMS 0x00000000ed800000| PB 0x00000000ed800000| Untracked |  0
| 217|0x00000000ed900000, 0x00000000ed900000, 0x00000000eda00000|  0%| F|  |TAMS 0x00000000ed900000| PB 0x00000000ed900000| Untracked |  0
| 218|0x00000000eda00000, 0x00000000eda00000, 0x00000000edb00000|  0%| F|  |TAMS 0x00000000eda00000| PB 0x00000000eda00000| Untracked |  0
| 219|0x00000000edb00000, 0x00000000edb00000, 0x00000000edc00000|  0%| F|  |TAMS 0x00000000edb00000| PB 0x00000000edb00000| Untracked |  0
| 220|0x00000000edc00000, 0x00000000edc00000, 0x00000000edd00000|  0%| F|  |TAMS 0x00000000edc00000| PB 0x00000000edc00000| Untracked |  0
| 221|0x00000000edd00000, 0x00000000edd00000, 0x00000000ede00000|  0%| F|  |TAMS 0x00000000edd00000| PB 0x00000000edd00000| Untracked |  0
| 222|0x00000000ede00000, 0x00000000ede00000, 0x00000000edf00000|  0%| F|  |TAMS 0x00000000ede00000| PB 0x00000000ede00000| Untracked |  0
| 223|0x00000000edf00000, 0x00000000edf00000, 0x00000000ee000000|  0%| F|  |TAMS 0x00000000edf00000| PB 0x00000000edf00000| Untracked |  0
| 224|0x00000000ee000000, 0x00000000ee000000, 0x00000000ee100000|  0%| F|  |TAMS 0x00000000ee000000| PB 0x00000000ee000000| Untracked |  0
| 225|0x00000000ee100000, 0x00000000ee100000, 0x00000000ee200000|  0%| F|  |TAMS 0x00000000ee100000| PB 0x00000000ee100000| Untracked |  0
| 226|0x00000000ee200000, 0x00000000ee200000, 0x00000000ee300000|  0%| F|  |TAMS 0x00000000ee200000| PB 0x00000000ee200000| Untracked |  0
| 227|0x00000000ee300000, 0x00000000ee300000, 0x00000000ee400000|  0%| F|  |TAMS 0x00000000ee300000| PB 0x00000000ee300000| Untracked |  0
| 228|0x00000000ee400000, 0x00000000ee400000, 0x00000000ee500000|  0%| F|  |TAMS 0x00000000ee400000| PB 0x00000000ee400000| Untracked |  0
| 229|0x00000000ee500000, 0x00000000ee500000, 0x00000000ee600000|  0%| F|  |TAMS 0x00000000ee500000| PB 0x00000000ee500000| Untracked |  0
| 230|0x00000000ee600000, 0x00000000ee600000, 0x00000000ee700000|  0%| F|  |TAMS 0x00000000ee600000| PB 0x00000000ee600000| Untracked |  0
| 231|0x00000000ee700000, 0x00000000ee700000, 0x00000000ee800000|  0%| F|  |TAMS 0x00000000ee700000| PB 0x00000000ee700000| Untracked |  0
| 232|0x00000000ee800000, 0x00000000ee800000, 0x00000000ee900000|  0%| F|  |TAMS 0x00000000ee800000| PB 0x00000000ee800000| Untracked |  0
| 233|0x00000000ee900000, 0x00000000ee900000, 0x00000000eea00000|  0%| F|  |TAMS 0x00000000ee900000| PB 0x00000000ee900000| Untracked |  0
| 234|0x00000000eea00000, 0x00000000eea00000, 0x00000000eeb00000|  0%| F|  |TAMS 0x00000000eea00000| PB 0x00000000eea00000| Untracked |  0
| 235|0x00000000eeb00000, 0x00000000eeb00000, 0x00000000eec00000|  0%| F|  |TAMS 0x00000000eeb00000| PB 0x00000000eeb00000| Untracked |  0
| 236|0x00000000eec00000, 0x00000000eec00000, 0x00000000eed00000|  0%| F|  |TAMS 0x00000000eec00000| PB 0x00000000eec00000| Untracked |  0
| 237|0x00000000eed00000, 0x00000000eed00000, 0x00000000eee00000|  0%| F|  |TAMS 0x00000000eed00000| PB 0x00000000eed00000| Untracked |  0
| 238|0x00000000eee00000, 0x00000000eee00000, 0x00000000eef00000|  0%| F|  |TAMS 0x00000000eee00000| PB 0x00000000eee00000| Untracked |  0
| 239|0x00000000eef00000, 0x00000000eef00000, 0x00000000ef000000|  0%| F|  |TAMS 0x00000000eef00000| PB 0x00000000eef00000| Untracked |  0
| 240|0x00000000ef000000, 0x00000000ef000000, 0x00000000ef100000|  0%| F|  |TAMS 0x00000000ef000000| PB 0x00000000ef000000| Untracked |  0
| 241|0x00000000ef100000, 0x00000000ef100000, 0x00000000ef200000|  0%| F|  |TAMS 0x00000000ef100000| PB 0x00000000ef100000| Untracked |  0
| 242|0x00000000ef200000, 0x00000000ef200000, 0x00000000ef300000|  0%| F|  |TAMS 0x00000000ef200000| PB 0x00000000ef200000| Untracked |  0
| 243|0x00000000ef300000, 0x00000000ef380000, 0x00000000ef400000| 50%| E|  |TAMS 0x00000000ef300000| PB 0x00000000ef300000| Complete |  0
| 244|0x00000000ef400000, 0x00000000ef500000, 0x00000000ef500000|100%| E|CS|TAMS 0x00000000ef400000| PB 0x00000000ef400000| Complete |  0
| 245|0x00000000ef500000, 0x00000000ef600000, 0x00000000ef600000|100%| E|CS|TAMS 0x00000000ef500000| PB 0x00000000ef500000| Complete |  0
| 246|0x00000000ef600000, 0x00000000ef700000, 0x00000000ef700000|100%| E|CS|TAMS 0x00000000ef600000| PB 0x00000000ef600000| Complete |  0
| 247|0x00000000ef700000, 0x00000000ef800000, 0x00000000ef800000|100%| E|CS|TAMS 0x00000000ef700000| PB 0x00000000ef700000| Complete |  0
| 248|0x00000000ef800000, 0x00000000ef900000, 0x00000000ef900000|100%| E|CS|TAMS 0x00000000ef800000| PB 0x00000000ef800000| Complete |  0
| 249|0x00000000ef900000, 0x00000000efa00000, 0x00000000efa00000|100%| E|CS|TAMS 0x00000000ef900000| PB 0x00000000ef900000| Complete |  0
| 250|0x00000000efa00000, 0x00000000efb00000, 0x00000000efb00000|100%| E|CS|TAMS 0x00000000efa00000| PB 0x00000000efa00000| Complete |  0
| 251|0x00000000efb00000, 0x00000000efc00000, 0x00000000efc00000|100%| E|CS|TAMS 0x00000000efb00000| PB 0x00000000efb00000| Complete |  0
| 252|0x00000000efc00000, 0x00000000efd00000, 0x00000000efd00000|100%| E|CS|TAMS 0x00000000efc00000| PB 0x00000000efc00000| Complete |  0
| 253|0x00000000efd00000, 0x00000000efe00000, 0x00000000efe00000|100%| E|CS|TAMS 0x00000000efd00000| PB 0x00000000efd00000| Complete |  0
| 254|0x00000000efe00000, 0x00000000eff00000, 0x00000000eff00000|100%| E|CS|TAMS 0x00000000efe00000| PB 0x00000000efe00000| Complete |  0
| 255|0x00000000eff00000, 0x00000000f0000000, 0x00000000f0000000|100%| E|CS|TAMS 0x00000000eff00000| PB 0x00000000eff00000| Complete |  0
| 510|0x00000000ffe00000, 0x00000000fff00000, 0x00000000fff00000|100%| O|  |TAMS 0x00000000ffe00000| PB 0x00000000ffe00000| Untracked |  0
| 511|0x00000000fff00000, 0x00000000fff24de0, 0x0000000100000000| 14%| O|  |TAMS 0x00000000fff00000| PB 0x00000000fff00000| Untracked |  0

Card table byte_map: [0x00000240ff2a0000,0x00000240ff3a0000] _byte_map_base: 0x00000240feba0000

Marking Bits: (CMBitMap*) 0x00000240fe553bc0
 Bits: [0x00000240ff3a0000, 0x00000240ffba0000)

Polling page: 0x00000240fc250000

Metaspace:
Metaspace        used 18461K, committed 19008K, reserved 393216K
 class space     used 1972K, committed 2240K, reserved 327680K

Usage:
  Non-class:     16.10 MB used.
      Class:      1.93 MB used.
       Both:     18.03 MB used.

Virtual space:
  Non-class space:       64.00 MB reserved,      16.38 MB ( 26%) committed,  1 nodes.
      Class space:      320.00 MB reserved,       2.19 MB ( <1%) committed,  1 nodes.
             Both:      384.00 MB reserved,      18.56 MB (  5%) committed. 

Chunk freelists:
   Non-Class:  15.62 MB
       Class:  13.73 MB
        Both:  29.36 MB

MaxMetaspaceSize: 384.00 MB
CompressedClassSpaceSize: 320.00 MB
Initial GC threshold: 21.00 MB
Current GC threshold: 21.00 MB
CDS: on
 - commit_granule_bytes: 65536.
 - commit_granule_words: 8192.
 - virtual_space_node_default_size: 8388608.
 - enlarge_chunks_in_place: 1.
UseCompressedClassPointers 1, UseCompactObjectHeaders 0
Narrow klass pointer bits 32, Max shift 3
Narrow klass base: 0x000000009c000000, Narrow klass shift: 0
Encoding Range: [0x000000009c000000 - 0x000000019c000000), (4294967296 bytes)
Klass Range:    [0x000000009c010000 - 0x00000000b1000000), (352256000 bytes)
Klass ID Range:  [65536 - 352321529) (352255993)
Protection zone: [0x000000009c000000 - 0x000000009c010000), (65536 bytes)


Internal statistics:

num_allocs_failed_limit: 0.
num_arena_births: 724.
num_arena_deaths: 0.
num_vsnodes_births: 2.
num_vsnodes_deaths: 0.
num_space_committed: 297.
num_space_uncommitted: 0.
num_chunks_returned_to_freelist: 0.
num_chunks_taken_from_freelist: 1376.
num_chunk_merges: 0.
num_chunk_splits: 896.
num_chunks_enlarged: 611.
num_inconsistent_stats: 0.

CodeHeap 'non-profiled nmethods': size=119232Kb used=1203Kb max_used=1203Kb free=118028Kb
 bounds [0x00000240905b0000, 0x0000024090820000, 0x0000024097a20000]
CodeHeap 'profiled nmethods': size=119104Kb used=5432Kb max_used=5432Kb free=113671Kb
 bounds [0x0000024088a20000, 0x0000024088f70000, 0x000002408fe70000]
CodeHeap 'non-nmethods': size=7424Kb used=1480Kb max_used=3318Kb free=5943Kb
 bounds [0x000002408fe70000, 0x00000240901c0000, 0x00000240905b0000]
CodeCache: size=245760Kb, used=8115Kb, max_used=9953Kb, free=237642Kb
 total_blobs=4015, nmethods=3408, adapters=509, full_count=0
Compilation: enabled, stopped_count=0, restarted_count=0

Compilation events (20 events):
Event: 1.666 Thread 0x000002409a996080 nmethod 3317 0x00000240906cab88 code [0x00000240906cac80, 0x00000240906cb2c0]
Event: 1.666 Thread 0x000002409a996080 3316       4       java.util.Collections$SetFromMap::remove (19 bytes)
Event: 1.671 Thread 0x000002409a996080 nmethod 3316 0x00000240906cb308 code [0x00000240906cb400, 0x00000240906cbab0]
Event: 1.678 Thread 0x000002409a8df940 3320       3       jdk.internal.reflect.ReflectionFactory::copyConstructor (11 bytes)
Event: 1.678 Thread 0x000002409a780e90 3321       3       java.lang.reflect.ReflectAccess::copyConstructor (5 bytes)
Event: 1.678 Thread 0x000002409a8568b0 3322       3       java.lang.reflect.Constructor::copy (80 bytes)
Event: 1.678 Thread 0x000002409a780e90 nmethod 3321 0x0000024088f4a888 code [0x0000024088f4a980, 0x0000024088f4ab38]
Event: 1.678 Thread 0x000002409a8df940 nmethod 3320 0x0000024088f4ab88 code [0x0000024088f4ac80, 0x0000024088f4aee8]
Event: 1.678 Thread 0x000002409a8568b0 nmethod 3322 0x0000024088f4af08 code [0x0000024088f4b000, 0x0000024088f4b408]
Event: 1.681 Thread 0x000002409a8568b0 3323       3       java.lang.Class::privateGetDeclaredConstructors (71 bytes)
Event: 1.681 Thread 0x000002409a8568b0 nmethod 3323 0x0000024088f4b488 code [0x0000024088f4b580, 0x0000024088f4bb38]
Event: 1.681 Thread 0x000002409a8df940 3324       3       sun.reflect.annotation.AnnotationParser$$Lambda/0x000000009d01a300::get (16 bytes)
Event: 1.681 Thread 0x000002409a8568b0 3325       3       sun.reflect.annotation.AnnotationParser::lambda$parseClassArray$0 (7 bytes)
Event: 1.681 Thread 0x000002409a8568b0 nmethod 3325 0x0000024088f4bb88 code [0x0000024088f4bc80, 0x0000024088f4bd90]
Event: 1.682 Thread 0x000002409a8df940 nmethod 3324 0x0000024088f4be88 code [0x0000024088f4bf80, 0x0000024088f4c120]
Event: 1.693 Thread 0x000002409a77bd20 nmethod 3094 0x00000240906cbe08 code [0x00000240906cbf20, 0x00000240906d8ef8]
Event: 1.703 Thread 0x000002409a77bd20 3327       4       java.util.HashMap$KeyIterator::next (8 bytes)
Event: 1.758 Thread 0x000002409a8df940 3328       3       java.util.concurrent.locks.ReentrantLock::unlock (10 bytes)
Event: 1.802 Thread 0x000002409a77bd20 nmethod 3327 0x00000240906d8f88 code [0x00000240906d9080, 0x00000240906d9620]
Event: 1.802 Thread 0x000002409a8df940 nmethod 3328 0x0000024088f4c188 code [0x0000024088f4c280, 0x0000024088f4c5c8]

GC Heap Usage History (4 events):
Event: 0.491 {heap Before GC invocations=0 (full 0):
 garbage-first heap   total reserved 524288K, committed 264192K, used 53395K [0x00000000e0000000, 0x0000000100000000)
  region size 1024K, 47 young (48128K), 0 survivors (0K)
}
Event: 0.494 {heap After GC invocations=1 (full 0):
 garbage-first heap   total reserved 524288K, committed 264192K, used 12475K [0x00000000e0000000, 0x0000000100000000)
  region size 1024K, 6 young (6144K), 6 survivors (6144K)
}
Event: 1.559 {heap Before GC invocations=1 (full 0):
 garbage-first heap   total reserved 524288K, committed 264192K, used 122043K [0x00000000e0000000, 0x0000000100000000)
  region size 1024K, 112 young (114688K), 6 survivors (6144K)
}
Event: 1.566 {heap After GC invocations=2 (full 0):
 garbage-first heap   total reserved 524288K, committed 264192K, used 22502K [0x00000000e0000000, 0x0000000100000000)
  region size 1024K, 14 young (14336K), 14 survivors (14336K)
}

Metaspace Usage History (4 events):
Event: 0.491 {metaspace Before GC invocations=0 (full 0):
 Metaspace       used 4360K, committed 4544K, reserved 393216K
  class space    used 361K, committed 448K, reserved 327680K
}
Event: 0.494 {metaspace After GC invocations=1 (full 0):
 Metaspace       used 4360K, committed 4544K, reserved 393216K
  class space    used 361K, committed 448K, reserved 327680K
}
Event: 1.559 {metaspace Before GC invocations=1 (full 0):
 Metaspace       used 16756K, committed 17280K, reserved 393216K
  class space    used 1757K, committed 1984K, reserved 327680K
}
Event: 1.566 {metaspace After GC invocations=2 (full 0):
 Metaspace       used 16756K, committed 17280K, reserved 393216K
  class space    used 1757K, committed 1984K, reserved 327680K
}

Dll operation events (14 events):
Event: 0.006 Loaded shared library C:\Program Files\Microsoft\jdk-25.0.1.8-hotspot\bin\java.dll
Event: 0.042 Loaded shared library C:\Program Files\Microsoft\jdk-25.0.1.8-hotspot\bin\zip.dll
Event: 0.044 Loaded shared library C:\Program Files\Microsoft\jdk-25.0.1.8-hotspot\bin\instrument.dll
Event: 0.046 Loaded shared library C:\Program Files\Microsoft\jdk-25.0.1.8-hotspot\bin\net.dll
Event: 0.047 Loaded shared library C:\Program Files\Microsoft\jdk-25.0.1.8-hotspot\bin\nio.dll
Event: 0.048 Loaded shared library C:\Program Files\Microsoft\jdk-25.0.1.8-hotspot\bin\zip.dll
Event: 0.169 Loaded shared library C:\Program Files\Microsoft\jdk-25.0.1.8-hotspot\bin\jimage.dll
Event: 0.248 Loaded shared library C:\Program Files\Microsoft\jdk-25.0.1.8-hotspot\bin\verify.dll
Event: 0.315 Loaded shared library C:\Users\fadye\.gradle\native\c067742578af261105cb4f569cf0c3c89f3d7b1fecec35dd04571415982c5e48\windows-amd64\native-platform.dll
Event: 0.329 Loaded shared library C:\Users\fadye\.gradle\native\100fb08df4bc3b14c8652ba06237920a3bd2aa13389f12d3474272988ae205f9\windows-amd64\native-platform-file-events.dll
Event: 0.826 Loaded shared library C:\Program Files\Microsoft\jdk-25.0.1.8-hotspot\bin\management.dll
Event: 0.828 Loaded shared library C:\Program Files\Microsoft\jdk-25.0.1.8-hotspot\bin\management_ext.dll
Event: 0.951 Loaded shared library C:\Program Files\Microsoft\jdk-25.0.1.8-hotspot\bin\extnet.dll
Event: 1.067 Loaded shared library C:\Program Files\Microsoft\jdk-25.0.1.8-hotspot\bin\sunmscapi.dll

Deoptimization events (20 events):
Event: 1.440 Thread 0x00000240a0221600 DEOPT PACKING pc=0x00000240905d5828 sp=0x000000ae5a5fb9b0
Event: 1.440 Thread 0x00000240a0221600 DEOPT UNPACKING pc=0x000002408ff8cf02 sp=0x000000ae5a5fb928 mode 2
Event: 1.440 Thread 0x00000240a0221600 DEOPT PACKING pc=0x0000024088adf58f sp=0x000000ae5a5fb1c0
Event: 1.440 Thread 0x00000240a0221600 DEOPT UNPACKING pc=0x000002408fec1702 sp=0x000000ae5a5fa658 mode 0
Event: 1.441 Thread 0x00000240a0221600 Uncommon trap: trap_request=0xffffff45 fr.pc=0x0000024090620ed4 relative=0x0000000000000554
Event: 1.441 Thread 0x00000240a0221600 Uncommon trap: reason=unstable_if action=reinterpret pc=0x0000024090620ed4 method=java.io.File.getName()Ljava/lang/String; @ 16 c2
Event: 1.441 Thread 0x00000240a0221600 DEOPT PACKING pc=0x0000024090620ed4 sp=0x000000ae5a5fb980
Event: 1.441 Thread 0x00000240a0221600 DEOPT UNPACKING pc=0x000002408ff8cf02 sp=0x000000ae5a5fb950 mode 2
Event: 1.478 Thread 0x00000240a0221600 Uncommon trap: trap_request=0xffffff45 fr.pc=0x00000240905d875c relative=0x00000000000000dc
Event: 1.478 Thread 0x00000240a0221600 Uncommon trap: reason=unstable_if action=reinterpret pc=0x00000240905d875c method=java.util.HashMap.hash(Ljava/lang/Object;)I @ 1 c2
Event: 1.478 Thread 0x00000240a0221600 DEOPT PACKING pc=0x00000240905d875c sp=0x000000ae5a5fc730
Event: 1.479 Thread 0x00000240a0221600 DEOPT UNPACKING pc=0x000002408ff8cf02 sp=0x000000ae5a5fc670 mode 2
Event: 1.502 Thread 0x00000240a0221600 Uncommon trap: trap_request=0xffffff45 fr.pc=0x000002409063b650 relative=0x00000000000005d0
Event: 1.502 Thread 0x00000240a0221600 Uncommon trap: reason=unstable_if action=reinterpret pc=0x000002409063b650 method=java.util.ArrayList.grow(I)[Ljava/lang/Object; @ 17 c2
Event: 1.502 Thread 0x00000240a0221600 DEOPT PACKING pc=0x000002409063b650 sp=0x000000ae5a5fd3c0
Event: 1.502 Thread 0x00000240a0221600 DEOPT UNPACKING pc=0x000002408ff8cf02 sp=0x000000ae5a5fd258 mode 2
Event: 1.658 Thread 0x00000240a0221600 Uncommon trap: trap_request=0xffffff45 fr.pc=0x0000024090655edc relative=0x0000000000000c5c
Event: 1.658 Thread 0x00000240a0221600 Uncommon trap: reason=unstable_if action=reinterpret pc=0x0000024090655edc method=java.util.concurrent.ConcurrentHashMap.transfer([Ljava/util/concurrent/ConcurrentHashMap$Node;[Ljava/util/concurrent/ConcurrentHashMap$Node;)V @ 26 c2
Event: 1.658 Thread 0x00000240a0221600 DEOPT PACKING pc=0x0000024090655edc sp=0x000000ae5a5f7110
Event: 1.658 Thread 0x00000240a0221600 DEOPT UNPACKING pc=0x000002408ff8cf02 sp=0x000000ae5a5f7070 mode 2

Classes loaded (20 events):
Event: 1.604 Loading class java/io/ObjectOutputStream$BlockDataOutputStream
Event: 1.604 Loading class java/io/ObjectOutputStream$BlockDataOutputStream done
Event: 1.604 Loading class java/io/ObjectOutputStream$HandleTable
Event: 1.605 Loading class java/io/ObjectOutputStream$HandleTable done
Event: 1.605 Loading class java/io/ObjectOutputStream$ReplaceTable
Event: 1.605 Loading class java/io/ObjectOutputStream$ReplaceTable done
Event: 1.607 Loading class java/io/UnsupportedEncodingException
Event: 1.607 Loading class java/io/UnsupportedEncodingException done
Event: 1.607 Loading class java/nio/charset/CharacterCodingException
Event: 1.607 Loading class java/nio/charset/CharacterCodingException done
Event: 1.607 Loading class java/util/stream/IntStream
Event: 1.607 Loading class java/util/stream/IntStream done
Event: 1.607 Loading class java/lang/foreign/MemorySegment
Event: 1.607 Loading class java/lang/foreign/MemorySegment done
Event: 1.655 Loading class java/util/function/LongFunction
Event: 1.655 Loading class java/util/function/LongFunction done
Event: 1.677 Loading class java/security/InvalidKeyException
Event: 1.677 Loading class java/security/KeyException
Event: 1.677 Loading class java/security/KeyException done
Event: 1.677 Loading class java/security/InvalidKeyException done

Classes unloaded (0 events):
No events

Classes redefined (0 events):
No events

Internal exceptions (20 events):
Event: 1.463 Thread 0x00000240a0221600 Exception <a 'java/lang/NoSuchMethodError'{0x00000000e98feda0}: 'java.lang.Object java.lang.invoke.DirectMethodHandle$Holder.invokeInterface(java.lang.Object, java.lang.Object, java.lang.Object)'> (0x00000000e98feda0) 
thrown [s\src\hotspot\share\interpreter\linkResolver.cpp, line 804]
Event: 1.463 Thread 0x00000240a0221600 Exception <a 'java/lang/IncompatibleClassChangeError'{0x00000000e970baa8}: Found class java.lang.Object, but interface was expected> (0x00000000e970baa8) 
thrown [s\src\hotspot\share\interpreter\linkResolver.cpp, line 871]
Event: 1.478 Thread 0x00000240a0221600 Implicit null exception at 0x00000240905d86b6 to 0x00000240905d8752
Event: 1.489 Thread 0x00000240a0221600 Exception <a 'java/lang/NoSuchMethodError'{0x00000000e96fdc18}: 'int java.lang.invoke.DirectMethodHandle$Holder.invokeStatic(java.lang.Object, java.lang.Object, java.lang.Object, java.lang.Object)'> (0x00000000e96fdc18) 
thrown [s\src\hotspot\share\interpreter\linkResolver.cpp, line 804]
Event: 1.513 Thread 0x00000240a0221600 Exception <a 'java/lang/NoSuchMethodError'{0x00000000e94e47d0}: 'java.lang.Object java.lang.invoke.DelegatingMethodHandle$Holder.reinvoke_L(java.lang.Object, java.lang.Object, java.lang.Object, java.lang.Object, java.lang.Object, java.lang.Object, java.lang.Object, java.lang.Object, java.lang.Object, java.lang.Object, java.lang.Object, java.lang.Object, java.lang.Object, java.lang.Object, java.lang.Object, java.lang.Object, java.lang.Object, java.lang.Object, java.lang.Object, java.lang.Object, java.lang.O
Event: 1.517 Thread 0x00000240a0221600 Exception <a 'java/lang/NoSuchMethodError'{0x00000000e9396720}: 'java.lang.Object java.lang.invoke.DirectMethodHandle$Holder.invokeStatic(java.lang.Object, java.lang.Object, java.lang.Object, java.lang.Object, java.lang.Object, java.lang.Object, java.lang.Object, java.lang.Object, java.lang.Object, java.lang.Object, java.lang.Object, java.lang.Object, java.lang.Object, java.lang.Object, java.lang.Object, java.lang.Object, java.lang.Object)'> (0x00000000e9396720) 
thrown [s\src\hotspot\share\interpreter\lin
Event: 1.518 Thread 0x00000240a0221600 Exception <a 'java/lang/NoSuchMethodError'{0x00000000e93c86e8}: 'java.lang.Object java.lang.invoke.DirectMethodHandle$Holder.invokeStatic(java.lang.Object, java.lang.Object, java.lang.Object, java.lang.Object, java.lang.Object, java.lang.Object, java.lang.Object, java.lang.Object, java.lang.Object, java.lang.Object, java.lang.Object, java.lang.Object, java.lang.Object, java.lang.Object, java.lang.Object, java.lang.Object, java.lang.Object, java.lang.Object)'> (0x00000000e93c86e8) 
thrown [s\src\hotspot\sha
Event: 1.519 Thread 0x00000240a0221600 Exception <a 'java/lang/NoSuchMethodError'{0x00000000e93fb720}: 'java.lang.Object java.lang.invoke.DirectMethodHandle$Holder.invokeStatic(java.lang.Object, java.lang.Object, java.lang.Object, java.lang.Object, java.lang.Object, java.lang.Object, java.lang.Object, java.lang.Object, java.lang.Object, java.lang.Object, java.lang.Object, java.lang.Object, java.lang.Object, java.lang.Object, java.lang.Object, java.lang.Object, java.lang.Object, java.lang.Object, java.lang.Object)'> (0x00000000e93fb720) 
thrown 
Event: 1.521 Thread 0x00000240a0221600 Exception <a 'java/lang/NoSuchMethodError'{0x00000000e922ffd8}: 'java.lang.Object java.lang.invoke.DirectMethodHandle$Holder.invokeStatic(java.lang.Object, java.lang.Object, java.lang.Object, java.lang.Object, java.lang.Object, java.lang.Object, java.lang.Object, java.lang.Object, java.lang.Object, java.lang.Object, java.lang.Object, java.lang.Object, java.lang.Object, java.lang.Object, java.lang.Object, java.lang.Object, java.lang.Object, java.lang.Object, java.lang.Object, java.lang.Object)'> (0x00000000
Event: 1.524 Thread 0x00000240a0221600 Exception <a 'java/lang/NoSuchMethodError'{0x00000000e926ae10}: 'java.lang.Object java.lang.invoke.DirectMethodHandle$Holder.invokeStatic(java.lang.Object, java.lang.Object, java.lang.Object, java.lang.Object, java.lang.Object, java.lang.Object, java.lang.Object, java.lang.Object, java.lang.Object, java.lang.Object, java.lang.Object, java.lang.Object, java.lang.Object, java.lang.Object, java.lang.Object, java.lang.Object, java.lang.Object, java.lang.Object, java.lang.Object, java.lang.Object, java.lang.Obj
Event: 1.525 Thread 0x00000240a0221600 Exception <a 'java/lang/NoSuchMethodError'{0x00000000e92a0f60}: 'java.lang.Object java.lang.invoke.DirectMethodHandle$Holder.invokeStatic(java.lang.Object, java.lang.Object, java.lang.Object, java.lang.Object, java.lang.Object, java.lang.Object, java.lang.Object, java.lang.Object, java.lang.Object, java.lang.Object, java.lang.Object, java.lang.Object, java.lang.Object, java.lang.Object, java.lang.Object, java.lang.Object, java.lang.Object, java.lang.Object, java.lang.Object, java.lang.Object, java.lang.Obj
Event: 1.527 Thread 0x00000240a0221600 Exception <a 'java/lang/NoSuchMethodError'{0x00000000e92d7b00}: 'java.lang.Object java.lang.invoke.DirectMethodHandle$Holder.invokeStatic(java.lang.Object, java.lang.Object, java.lang.Object, java.lang.Object, java.lang.Object, java.lang.Object, java.lang.Object, java.lang.Object, java.lang.Object, java.lang.Object, java.lang.Object, java.lang.Object, java.lang.Object, java.lang.Object, java.lang.Object, java.lang.Object, java.lang.Object, java.lang.Object, java.lang.Object, java.lang.Object, java.lang.Obj
Event: 1.528 Thread 0x00000240a0221600 Exception <a 'java/lang/NoSuchMethodError'{0x00000000e910f8e0}: 'java.lang.Object java.lang.invoke.DirectMethodHandle$Holder.invokeStatic(java.lang.Object, java.lang.Object, java.lang.Object, java.lang.Object, java.lang.Object, java.lang.Object, java.lang.Object, java.lang.Object, java.lang.Object, java.lang.Object, java.lang.Object, java.lang.Object, java.lang.Object, java.lang.Object, java.lang.Object, java.lang.Object, java.lang.Object, java.lang.Object, java.lang.Object, java.lang.Object, java.lang.Obj
Event: 1.531 Thread 0x00000240a0221600 Exception <a 'java/lang/NoSuchMethodError'{0x00000000e9148760}: 'java.lang.Object java.lang.invoke.DirectMethodHandle$Holder.invokeStatic(java.lang.Object, java.lang.Object, java.lang.Object, java.lang.Object, java.lang.Object, java.lang.Object, java.lang.Object, java.lang.Object, java.lang.Object, java.lang.Object, java.lang.Object, java.lang.Object, java.lang.Object, java.lang.Object, java.lang.Object, java.lang.Object, java.lang.Object, java.lang.Object, java.lang.Object, java.lang.Object, java.lang.Obj
Event: 1.533 Thread 0x00000240a0221600 Exception <a 'java/lang/NoSuchMethodError'{0x00000000e9182d88}: 'java.lang.Object java.lang.invoke.DirectMethodHandle$Holder.invokeStatic(java.lang.Object, java.lang.Object, java.lang.Object, java.lang.Object, java.lang.Object, java.lang.Object, java.lang.Object, java.lang.Object, java.lang.Object, java.lang.Object, java.lang.Object, java.lang.Object, java.lang.Object, java.lang.Object, java.lang.Object, java.lang.Object, java.lang.Object, java.lang.Object, java.lang.Object, java.lang.Object, java.lang.Obj
Event: 1.555 Thread 0x00000240a0221600 Exception <a 'java/lang/IncompatibleClassChangeError'{0x00000000e90948e8}: Found class java.lang.Object, but interface was expected> (0x00000000e90948e8) 
thrown [s\src\hotspot\share\interpreter\linkResolver.cpp, line 871]
Event: 1.605 Thread 0x00000240a02225a0 Exception <a 'java/lang/NoSuchMethodError'{0x00000000eff8cac0}: static Lorg/gradle/internal/build/event/types/DefaultOperationStartedProgressEvent;.<clinit>()V> (0x00000000eff8cac0) 
thrown [s\src\hotspot\share\prims\jni.cpp, line 1106]
Event: 1.606 Thread 0x00000240a02225a0 Exception <a 'java/lang/NoSuchMethodError'{0x00000000eff8e050}: static Lorg/gradle/internal/build/event/types/AbstractProgressEvent;.<clinit>()V> (0x00000000eff8e050) 
thrown [s\src\hotspot\share\prims\jni.cpp, line 1106]
Event: 1.606 Thread 0x00000240a02225a0 Exception <a 'java/lang/NoSuchMethodError'{0x00000000eff93960}: static Lorg/gradle/internal/build/event/types/DefaultOperationDescriptor;.<clinit>()V> (0x00000000eff93960) 
thrown [s\src\hotspot\share\prims\jni.cpp, line 1106]
Event: 1.608 Thread 0x00000240a02225a0 Exception <a 'java/lang/NoSuchMethodError'{0x00000000effa6558}: static Lorg/gradle/internal/operations/OperationIdentifier;.<clinit>()V> (0x00000000effa6558) 
thrown [s\src\hotspot\share\prims\jni.cpp, line 1106]

VM Operations (20 events):
Event: 0.845 Executing non-safepoint VM operation: HandshakeAllThreads (Deoptimize)
Event: 0.845 Executing non-safepoint VM operation: HandshakeAllThreads (Deoptimize) done
Event: 0.888 Executing non-safepoint VM operation: HandshakeAllThreads (Deoptimize)
Event: 0.888 Executing non-safepoint VM operation: HandshakeAllThreads (Deoptimize) done
Event: 0.914 Executing non-safepoint VM operation: HandshakeAllThreads (Deoptimize)
Event: 0.915 Executing non-safepoint VM operation: HandshakeAllThreads (Deoptimize) done
Event: 0.936 Executing non-safepoint VM operation: HandshakeAllThreads (Deoptimize)
Event: 0.936 Executing non-safepoint VM operation: HandshakeAllThreads (Deoptimize) done
Event: 1.046 Executing non-safepoint VM operation: HandshakeAllThreads (Deoptimize)
Event: 1.047 Executing non-safepoint VM operation: HandshakeAllThreads (Deoptimize) done
Event: 1.303 Executing non-safepoint VM operation: HandshakeAllThreads (Deoptimize)
Event: 1.303 Executing non-safepoint VM operation: HandshakeAllThreads (Deoptimize) done
Event: 1.307 Executing non-safepoint VM operation: HandshakeAllThreads (Deoptimize)
Event: 1.307 Executing non-safepoint VM operation: HandshakeAllThreads (Deoptimize) done
Event: 1.539 Executing non-safepoint VM operation: HandshakeAllThreads (Deoptimize)
Event: 1.539 Executing non-safepoint VM operation: HandshakeAllThreads (Deoptimize) done
Event: 1.541 Executing non-safepoint VM operation: HandshakeAllThreads (Deoptimize)
Event: 1.541 Executing non-safepoint VM operation: HandshakeAllThreads (Deoptimize) done
Event: 1.559 Executing safepoint VM operation: G1CollectForAllocation (G1 Evacuation Pause)
Event: 1.566 Executing safepoint VM operation: G1CollectForAllocation (G1 Evacuation Pause) done

Memory protections (0 events):
No events

Nmethod flushes (0 events):
No events

Events (20 events):
Event: 0.034 Thread 0x000002409a8568b0 Thread added: 0x000002409a8df940
Event: 0.037 Thread 0x000002409a780e90 Thread added: 0x000002409a8f13c0
Event: 0.045 Thread 0x00000240fe524a20 Thread added: 0x000002409a97bd60
Event: 0.058 Thread 0x00000240fe524a20 Thread added: 0x000002409aa1aa00
Event: 0.169 Thread 0x000002409a780e90 Thread added: 0x000002409a996080
Event: 0.169 Thread 0x000002409a780e90 Thread added: 0x000002409a996890
Event: 0.225 Thread 0x000002409a8568b0 Thread added: 0x000002409a993020
Event: 0.847 Thread 0x00000240fe524a20 Thread added: 0x00000240a0d74e40
Event: 0.980 Thread 0x00000240fe524a20 Thread added: 0x00000240a0c741c0
Event: 1.012 Thread 0x00000240fe524a20 Thread added: 0x00000240a0c25040
Event: 1.083 Thread 0x00000240a0c741c0 Thread added: 0x00000240a0c0c180
Event: 1.086 Thread 0x00000240a0c0c180 Thread added: 0x00000240a0d00a40
Event: 1.128 Thread 0x00000240a0c0c180 Thread added: 0x00000240a0d3fa60
Event: 1.134 Thread 0x00000240a0c0c180 Thread added: 0x00000240a0221600
Event: 1.140 Thread 0x00000240a0221600 Thread added: 0x00000240a02244e0
Event: 1.153 Thread 0x00000240a0221600 Thread added: 0x00000240a0223540
Event: 1.155 Thread 0x00000240a0221600 Thread added: 0x00000240a02225a0
Event: 1.390 Thread 0x00000240a0221600 Thread added: 0x00000240a1134580
Event: 1.399 Thread 0x00000240a0221600 Thread added: 0x00000240a1134d50
Event: 1.420 Thread 0x00000240a0221600 Thread added: 0x00000240a11335e0


Dynamic libraries:
0x00007ff7af890000 - 0x00007ff7af89e000 	C:\Program Files\Microsoft\jdk-25.0.1.8-hotspot\bin\java.exe
0x00007ffbbf980000 - 0x00007ffbbfbe7000 	C:\WINDOWS\SYSTEM32\ntdll.dll
0x00007ffbbeab0000 - 0x00007ffbbeb79000 	C:\WINDOWS\System32\KERNEL32.DLL
0x00007ffbbc500000 - 0x00007ffbbc8f1000 	C:\WINDOWS\System32\KERNELBASE.dll
0x00007ffbbd2e0000 - 0x00007ffbbd42b000 	C:\WINDOWS\System32\ucrtbase.dll
0x00007ffba7ca0000 - 0x00007ffba7cbe000 	C:\Program Files\Microsoft\jdk-25.0.1.8-hotspot\bin\VCRUNTIME140.dll
0x00007ffba8c90000 - 0x00007ffba8ca7000 	C:\Program Files\Microsoft\jdk-25.0.1.8-hotspot\bin\jli.dll
0x00007ffbbf770000 - 0x00007ffbbf935000 	C:\WINDOWS\System32\USER32.dll
0x00007ffbbc990000 - 0x00007ffbbc9b7000 	C:\WINDOWS\System32\win32u.dll
0x00007ffba0300000 - 0x00007ffba0593000 	C:\WINDOWS\WinSxS\amd64_microsoft.windows.common-controls_6595b64144ccf1df_6.0.26100.8037_none_3e092faae333b53b\COMCTL32.dll
0x00007ffbbef60000 - 0x00007ffbbef8b000 	C:\WINDOWS\System32\GDI32.dll
0x00007ffbbe990000 - 0x00007ffbbea39000 	C:\WINDOWS\System32\msvcrt.dll
0x00007ffbbc260000 - 0x00007ffbbc38b000 	C:\WINDOWS\System32\gdi32full.dll
0x00007ffbbd670000 - 0x00007ffbbd713000 	C:\WINDOWS\System32\msvcp_win.dll
0x00007ffbbe8d0000 - 0x00007ffbbe901000 	C:\WINDOWS\System32\IMM32.DLL
0x00007ffbb74d0000 - 0x00007ffbb74dc000 	C:\Program Files\Microsoft\jdk-25.0.1.8-hotspot\bin\vcruntime140_1.dll
0x00007ffba6660000 - 0x00007ffba66e9000 	C:\Program Files\Microsoft\jdk-25.0.1.8-hotspot\bin\msvcp140.dll
0x00007ffaf8610000 - 0x00007ffaf953f000 	C:\Program Files\Microsoft\jdk-25.0.1.8-hotspot\bin\server\jvm.dll
0x00007ffbbed20000 - 0x00007ffbbeddb000 	C:\WINDOWS\System32\ADVAPI32.dll
0x00007ffbbf6c0000 - 0x00007ffbbf767000 	C:\WINDOWS\System32\sechost.dll
0x00007ffbbf5a0000 - 0x00007ffbbf6b8000 	C:\WINDOWS\System32\RPCRT4.dll
0x00007ffbbf3d0000 - 0x00007ffbbf444000 	C:\WINDOWS\System32\WS2_32.dll
0x00007ffbbc0c0000 - 0x00007ffbbc11e000 	C:\WINDOWS\SYSTEM32\POWRPROF.dll
0x00007ffbb37a0000 - 0x00007ffbb37d5000 	C:\WINDOWS\SYSTEM32\WINMM.dll
0x00007ffbb2c70000 - 0x00007ffbb2c7b000 	C:\WINDOWS\SYSTEM32\VERSION.dll
0x00007ffbbc0a0000 - 0x00007ffbbc0b4000 	C:\WINDOWS\SYSTEM32\UMPDC.dll
0x00007ffbbaf50000 - 0x00007ffbbaf6b000 	C:\WINDOWS\SYSTEM32\kernel.appcore.dll
0x00007ffba93d0000 - 0x00007ffba93da000 	C:\Program Files\Microsoft\jdk-25.0.1.8-hotspot\bin\jimage.dll
0x00007ffbba060000 - 0x00007ffbba2a2000 	C:\WINDOWS\SYSTEM32\DBGHELP.DLL
0x00007ffbbe060000 - 0x00007ffbbe3e2000 	C:\WINDOWS\System32\combase.dll
0x00007ffbbee80000 - 0x00007ffbbef57000 	C:\WINDOWS\System32\OLEAUT32.dll
0x00007ffba0130000 - 0x00007ffba016b000 	C:\WINDOWS\SYSTEM32\dbgcore.DLL
0x00007ffbbc9c0000 - 0x00007ffbbca65000 	C:\WINDOWS\System32\bcryptPrimitives.dll
0x00007ffba8ec0000 - 0x00007ffba8ed0000 	C:\Program Files\Microsoft\jdk-25.0.1.8-hotspot\bin\instrument.dll
0x00007ffba6640000 - 0x00007ffba665f000 	C:\Program Files\Microsoft\jdk-25.0.1.8-hotspot\bin\java.dll
0x00007ffbbeb80000 - 0x00007ffbbed15000 	C:\WINDOWS\System32\ole32.dll
0x00007ffbbd860000 - 0x00007ffbbdfbf000 	C:\WINDOWS\System32\SHELL32.dll
0x00007ffbbc390000 - 0x00007ffbbc4fa000 	C:\WINDOWS\System32\wintypes.dll
0x00007ffbbca70000 - 0x00007ffbbd2d4000 	C:\WINDOWS\System32\windows.storage.dll
0x00007ffbbf2d0000 - 0x00007ffbbf3c7000 	C:\WINDOWS\System32\SHCORE.dll
0x00007ffbbea40000 - 0x00007ffbbeaa7000 	C:\WINDOWS\System32\shlwapi.dll
0x00007ffbbc180000 - 0x00007ffbbc1a9000 	C:\WINDOWS\SYSTEM32\profapi.dll
0x00007ffba6620000 - 0x00007ffba6637000 	C:\Program Files\Microsoft\jdk-25.0.1.8-hotspot\bin\zip.dll
0x00007ffba6600000 - 0x00007ffba6612000 	C:\Program Files\Microsoft\jdk-25.0.1.8-hotspot\bin\net.dll
0x00007ffbbb560000 - 0x00007ffbbb5cb000 	C:\WINDOWS\system32\mswsock.dll
0x00007ffba65e0000 - 0x00007ffba65f6000 	C:\Program Files\Microsoft\jdk-25.0.1.8-hotspot\bin\nio.dll
0x00007ffba65d0000 - 0x00007ffba65e0000 	C:\Program Files\Microsoft\jdk-25.0.1.8-hotspot\bin\verify.dll
0x00007ffba62c0000 - 0x00007ffba62e7000 	C:\Users\fadye\.gradle\native\c067742578af261105cb4f569cf0c3c89f3d7b1fecec35dd04571415982c5e48\windows-amd64\native-platform.dll
0x00007ffba5c10000 - 0x00007ffba5d54000 	C:\Users\fadye\.gradle\native\100fb08df4bc3b14c8652ba06237920a3bd2aa13389f12d3474272988ae205f9\windows-amd64\native-platform-file-events.dll
0x00007ffba6350000 - 0x00007ffba635a000 	C:\Program Files\Microsoft\jdk-25.0.1.8-hotspot\bin\management.dll
0x00007ffba6340000 - 0x00007ffba634c000 	C:\Program Files\Microsoft\jdk-25.0.1.8-hotspot\bin\management_ext.dll
0x00007ffbbd720000 - 0x00007ffbbd728000 	C:\WINDOWS\System32\PSAPI.DLL
0x00007ffbbb840000 - 0x00007ffbbb85b000 	C:\WINDOWS\SYSTEM32\CRYPTSP.dll
0x00007ffbbaf70000 - 0x00007ffbbafa9000 	C:\WINDOWS\system32\rsaenh.dll
0x00007ffbbb610000 - 0x00007ffbbb642000 	C:\WINDOWS\SYSTEM32\USERENV.dll
0x00007ffbbc150000 - 0x00007ffbbc17a000 	C:\WINDOWS\SYSTEM32\bcrypt.dll
0x00007ffbbb860000 - 0x00007ffbbb86c000 	C:\WINDOWS\SYSTEM32\CRYPTBASE.dll
0x00007ffbbaa90000 - 0x00007ffbbaac3000 	C:\WINDOWS\SYSTEM32\IPHLPAPI.DLL
0x00007ffbbede0000 - 0x00007ffbbedea000 	C:\WINDOWS\System32\NSI.dll
0x00007ffba6330000 - 0x00007ffba6339000 	C:\Program Files\Microsoft\jdk-25.0.1.8-hotspot\bin\extnet.dll
0x00007ffba6320000 - 0x00007ffba632e000 	C:\Program Files\Microsoft\jdk-25.0.1.8-hotspot\bin\sunmscapi.dll
0x00007ffbbd4f0000 - 0x00007ffbbd667000 	C:\WINDOWS\System32\CRYPT32.dll
0x00007ffbbba60000 - 0x00007ffbbba90000 	C:\WINDOWS\SYSTEM32\ncrypt.dll
0x00007ffbbba10000 - 0x00007ffbbba4f000 	C:\WINDOWS\SYSTEM32\NTASN1.dll
0x00007ffb91840000 - 0x00007ffb91848000 	C:\WINDOWS\system32\wshunix.dll

JVMTI agents:
C:\Users\fadye\.gradle\wrapper\dists\gradle-8.9-bin\90cnw93cvbtalezasaz0blq0a\gradle-8.9\lib\agents\gradle-instrumentation-agent-8.9.jar path:C:\Program Files\Microsoft\jdk-25.0.1.8-hotspot\bin\instrument.dll, loaded, initialized, instrumentlib options:none

dbghelp: loaded successfully - version: 4.0.5 - missing functions: none
symbol engine: initialized successfully - sym options: 0x614 - pdb path: .;C:\Program Files\Microsoft\jdk-25.0.1.8-hotspot\bin;C:\WINDOWS\SYSTEM32;C:\WINDOWS\WinSxS\amd64_microsoft.windows.common-controls_6595b64144ccf1df_6.0.26100.8037_none_3e092faae333b53b;C:\Program Files\Microsoft\jdk-25.0.1.8-hotspot\bin\server;C:\Users\fadye\.gradle\native\c067742578af261105cb4f569cf0c3c89f3d7b1fecec35dd04571415982c5e48\windows-amd64;C:\Users\fadye\.gradle\native\100fb08df4bc3b14c8652ba06237920a3bd2aa13389f12d3474272988ae205f9\windows-amd64

VM Arguments:
jvm_args: --add-opens=java.base/java.util=ALL-UNNAMED --add-opens=java.base/java.lang=ALL-UNNAMED --add-opens=java.base/java.lang.invoke=ALL-UNNAMED --add-opens=java.prefs/java.util.prefs=ALL-UNNAMED --add-exports=jdk.compiler/com.sun.tools.javac.api=ALL-UNNAMED --add-exports=jdk.compiler/com.sun.tools.javac.util=ALL-UNNAMED --add-opens=java.base/java.nio.charset=ALL-UNNAMED --add-opens=java.base/java.net=ALL-UNNAMED --add-opens=java.base/java.util.concurrent.atomic=ALL-UNNAMED -XX:MaxMetaspaceSize=384m -XX:+HeapDumpOnOutOfMemoryError -Xms256m -Xmx512m -Dfile.encoding=utf8 -Duser.country=CA -Duser.language=fr -Duser.variant -javaagent:C:\Users\fadye\.gradle\wrapper\dists\gradle-8.9-bin\90cnw93cvbtalezasaz0blq0a\gradle-8.9\lib\agents\gradle-instrumentation-agent-8.9.jar 
java_command: org.gradle.launcher.daemon.bootstrap.GradleDaemon 8.9
java_class_path (initial): C:\Users\fadye\.gradle\wrapper\dists\gradle-8.9-bin\90cnw93cvbtalezasaz0blq0a\gradle-8.9\lib\gradle-daemon-main-8.9.jar
Launcher Type: SUN_STANDARD

[Global flags]
     intx CICompilerCount                          = 12                                        {product} {ergonomic}
   size_t CompressedClassSpaceSize                 = 335544320                                 {product} {ergonomic}
     uint ConcGCThreads                            = 4                                         {product} {ergonomic}
     uint G1ConcRefinementThreads                  = 15                                        {product} {ergonomic}
   size_t G1HeapRegionSize                         = 1048576                                   {product} {ergonomic}
     bool HeapDumpOnOutOfMemoryError               = true                                   {manageable} {command line}
   size_t InitialHeapSize                          = 268435456                                 {product} {command line}
   size_t MarkStackSize                            = 4194304                                   {product} {ergonomic}
   size_t MarkStackSizeMax                         = 536870912                                 {product} {ergonomic}
   size_t MaxHeapSize                              = 536870912                                 {product} {command line}
   size_t MaxMetaspaceSize                         = 402653184                                 {product} {command line}
   size_t MaxNewSize                               = 321912832                                 {product} {ergonomic}
   size_t MinHeapDeltaBytes                        = 1048576                                   {product} {ergonomic}
   size_t MinHeapSize                              = 268435456                                 {product} {command line}
    uintx NonNMethodCodeHeapSize                   = 7602176                                {pd product} {ergonomic}
    uintx NonProfiledCodeHeapSize                  = 122093568                              {pd product} {ergonomic}
    uintx ProfiledCodeHeapSize                     = 121962496                              {pd product} {ergonomic}
    uintx ReservedCodeCacheSize                    = 251658240                              {pd product} {ergonomic}
     bool SegmentedCodeCache                       = true                                      {product} {ergonomic}
   size_t SoftMaxHeapSize                          = 536870912                              {manageable} {ergonomic}
     bool UseCompressedOops                        = true                           {product lp64_product} {ergonomic}
     bool UseG1GC                                  = true                                      {product} {ergonomic}
     bool UseLargePagesIndividualAllocation        = false                                  {pd product} {ergonomic}

Logging:
Log output configuration:
 #0: stdout all=warning uptime,level,tags foldmultilines=false
 #1: stderr all=off uptime,level,tags foldmultilines=false

Release file:
IMPLEMENTOR="Microsoft" 
IMPLEMENTOR_VERSION="Microsoft-12574223" 
JAVA_RUNTIME_VERSION="25.0.1+8-LTS" 
JAVA_VERSION="25.0.1" 
JAVA_VERSION_DATE="2025-10-21" 
LIBC="default" 
MODULES="java.base java.compiler java.datatransfer java.xml java.prefs java.desktop java.instrument java.logging java.management java.security.sasl java.naming java.rmi java.management.rmi java.net.http java.scripting java.security.jgss java.transaction.xa java.sql java.sql.rowset java.xml.crypto java.se java.smartcardio jdk.accessibility jdk.internal.jvmstat jdk.attach jdk.charsets jdk.internal.opt jdk.zipfs jdk.compiler jdk.crypto.cryptoki jdk.crypto.ec jdk.crypto.mscapi jdk.dynalink jdk.internal.ed jdk.editpad jdk.internal.vm.ci jdk.graal.compiler jdk.graal.compiler.management jdk.hotspot.agent jdk.httpserver jdk.incubator.vector jdk.internal.le jdk.internal.md jdk.jartool jdk.javadoc jdk.jcmd jdk.management jdk.management.agent jdk.jconsole jdk.jdeps jdk.jdwp.agent jdk.jdi jdk.jfr jdk.jlink jdk.jpackage jdk.jshell jdk.jsobject jdk.jstatd jdk.localedata jdk.management.jfr jdk.naming.dns jdk.naming.rmi jdk.net jdk.nio.mapmode jdk.sctp jdk.security.auth jdk.security.jgss jdk.unsupported jdk.unsupported.desktop jdk.xml.dom" 
OS_ARCH="x86_64" 
OS_NAME="Windows" 
SOURCE=".:git:a34d2ff2d503" 

Environment Variables:
JAVA_HOME=C:\Program Files\Microsoft\jdk-25.0.1.8-hotspot
PATH=E:\programmes\vs code\Microsoft VS Code;C:\Program Files\Microsoft\jdk-25.0.1.8-hotspot\bin;C:\Program Files\MongoDB\Tools\100\bin;C:\WINDOWS\system32;C:\WINDOWS;C:\WINDOWS\System32\Wbem;C:\WINDOWS\System32\WindowsPowerShell\v1.0\;C:\WINDOWS\System32\OpenSSH\;C:\ProgramData\chocolatey\bin;C:\Program Files\dotnet\;E:\programmes\;C:\Program Files\OpenJDK\jdk-25.0.0\bin;C:\ProgramData\chocolatey\lib\maven\apache-maven-3.9.11\bin;E:\programmes\cursor\resources\app\bin;C:\Program Files\Git\cmd;C:\Program Files\Docker\Docker\resources\bin;E:\programmes\flutter_windows_3.41.4-stable\flutter\bin;C:\Program Files\Microsoft\jdk-25.0.1.8-hotspot\bin;C:\Users\fadye\.cargo\bin;C:\Program Files\MySQL\MySQL Server 8.4\bin;C:\Users\fadye\.local\bin;C:\Users\fadye\AppData\Local\Microsoft\WindowsApps;E:\programmes\vs code\Microsoft VS Code\bin;C:\Users\fadye\AppData\Local\Muse Hub\lib;C:\Users\fadye\AppData\Local\GitHubDesktop\bin;C:\Users\fadye\AppData\Roaming\npm;E:\programmes\IntelliJ IDEA 2025.3.1.1\bin;
USERNAME=fadye
OS=Windows_NT
PROCESSOR_IDENTIFIER=Intel64 Family 6 Model 154 Stepping 3, GenuineIntel
TMP=C:\Users\fadye\AppData\Local\Temp
TEMP=C:\Users\fadye\AppData\Local\Temp




Compilation memory statistics disabled.

Periodic native trim disabled

---------------  S Y S T E M  ---------------

OS:
 Windows 11 , 64 bit Build 26100 (10.0.26100.7920)
OS uptime: 0 days 4:49 hours
Hyper-V role detected

CPU: total 20 (initial active 20) (10 cores per cpu, 2 threads per core) family 6 model 154 stepping 3 microcode 0x435, cx8, cmov, fxsr, ht, mmx, 3dnowpref, sse, sse2, sse3, ssse3, sse4.1, sse4.2, popcnt, lzcnt, tsc, tscinvbit, avx, avx2, aes, erms, clmul, bmi1, bmi2, adx, sha, fma, vzeroupper, clflush, clflushopt, clwb, hv, serialize, rdtscp, rdpid, fsrm, gfni, f16c, cet_ibt, cet_ss
Processor Information for processor 0
  Max Mhz: 2300, Current Mhz: 2300, Mhz Limit: 2300
Processor Information for processor 1
  Max Mhz: 2300, Current Mhz: 2300, Mhz Limit: 2300
Processor Information for processor 2
  Max Mhz: 2300, Current Mhz: 2300, Mhz Limit: 2300
Processor Information for processor 3
  Max Mhz: 2300, Current Mhz: 2300, Mhz Limit: 2300
Processor Information for processor 4
  Max Mhz: 2300, Current Mhz: 2300, Mhz Limit: 2300
Processor Information for processor 5
  Max Mhz: 2300, Current Mhz: 2300, Mhz Limit: 2300
Processor Information for processor 6
  Max Mhz: 2300, Current Mhz: 2300, Mhz Limit: 2300
Processor Information for processor 7
  Max Mhz: 2300, Current Mhz: 2300, Mhz Limit: 2300
Processor Information for processor 8
  Max Mhz: 2300, Current Mhz: 2300, Mhz Limit: 2300
Processor Information for processor 9
  Max Mhz: 2300, Current Mhz: 2300, Mhz Limit: 2300
Processor Information for processor 10
  Max Mhz: 2300, Current Mhz: 2300, Mhz Limit: 2300
Processor Information for processor 11
  Max Mhz: 2300, Current Mhz: 2300, Mhz Limit: 2300
Processor Information for processor 12
  Max Mhz: 2300, Current Mhz: 1700, Mhz Limit: 1679
Processor Information for processor 13
  Max Mhz: 2300, Current Mhz: 1700, Mhz Limit: 1679
Processor Information for processor 14
  Max Mhz: 2300, Current Mhz: 1700, Mhz Limit: 1679
Processor Information for processor 15
  Max Mhz: 2300, Current Mhz: 1700, Mhz Limit: 1679
Processor Information for processor 16
  Max Mhz: 2300, Current Mhz: 1700, Mhz Limit: 1679
Processor Information for processor 17
  Max Mhz: 2300, Current Mhz: 1700, Mhz Limit: 1679
Processor Information for processor 18
  Max Mhz: 2300, Current Mhz: 1500, Mhz Limit: 1679
Processor Information for processor 19
  Max Mhz: 2300, Current Mhz: 1700, Mhz Limit: 1679

Memory: 4k page, system-wide physical 16109M (1865M free)
TotalPageFile size 22253M (AvailPageFile size 233M)
current process WorkingSet (physical memory assigned to process): 272M, peak: 279M
current process commit charge ("private bytes"): 464M, peak: 478M

vm_info: OpenJDK 64-Bit Server VM (25.0.1+8-LTS) for windows-amd64 JRE (25.0.1+8-LTS), built on 2025-10-13T22:41:56Z with unknown MS VC++:1944

END.
